========================================
   Advanced Windows Diagnostic Tool Report
========================================
Generated: 15/04/2025 11:44:57 PM (Local Time) / 2025-04-15 13:44:51Z (UTC)
Ran as Administrator: True
Configuration Source: Defaults
----------------------------------------

========================================
   Advanced Windows Diagnostic Tool Report
========================================
Generated: 15/04/2025 11:44:57 PM (Local Time) / 2025-04-15 13:44:51Z (UTC)
Ran as Administrator: True
Configuration Source: Defaults
----------------------------------------

----------------------------------------
--- System Information ---
----------------------------------------
[System Information - Collection Warnings/Errors]:
  - PowerPlan: Error enumerating WMI results: Invalid class  (Code: InvalidClass)

 Operating System:
  Name: Microsoft Windows 10 Pro (64-bit)
  Version: 10.0.19045 (Build: 19045)
  Install Date: 2024-09-27 19:17:04
  Last Boot Time: 2025-04-15 06:00:24
  System Uptime: 0d 17h 44m 27s
  System Drive: C:

 Computer System:
  Manufacturer: ASUSTeK COMPUTER INC.
  Model: ASUS TUF Gaming A15 FA506QR (x64-based PC)
  Domain/Workgroup: WORKGROUP (PartOfDomain: False)
  Executing User: jack
  Logged In User (WMI): ASUSNB01\jack

 Baseboard (Motherboard):
  Manufacturer: ASUSTeK COMPUTER INC.
  Product: FA506QR
  Serial Number: MB47NRCX00XYU3MB
  Version: 1.0

 BIOS:
  Manufacturer: American Megatrends International, LLC.
  Version: _ASUS_ - 1072009 / FA506QR.415
  Release Date: 2023-01-07
  Serial Number: M4NRCX023826155

 Time Zone:
  Caption: (UTC+10:00) Brisbane
  Bias (UTC Offset Mins): 600

 Active Power Plan: Data unavailable.

 .NET Runtime (Executing): 8.0.15

----------------------------------------
--- Hardware Information ---
----------------------------------------
 Processor(s) (CPU):
  - Name: AMD Ryzen 7 5800H with Radeon Graphics         
    Socket: FP6, Cores: 8, Logical Processors: 16
    Max Speed: 3201 MHz, L2 Cache: 4 MB, L3 Cache: 16 MB

 Memory (RAM):
  Total Visible: 15.4 GB (16,151,980 KB), Available: 7.88 GB, Used: 7.52 GB (48.84% Used)
  Physical Modules:
    - [DIMM 0] 16 GB @ 3200MHz (Unknown / SODIMM) Mfg: Micron Technology, Part#: 8ATF2G64HZ-3G2E2    , Bank: P0 CHANNEL B

 Physical Disks:
  Disk #0: HFM512GD3JX013N (Fixed hard disk media)
    Interface: SCSI, Size: 476.94 GB (512,105,932,800 Bytes), Partitions: 3, Serial: FFFF_FFFF_FFFF_FFFF., Status: OK
    SMART Status: Query Error (Error: Error enumerating WMI results: Invalid query  (Code: InvalidQuery)) (Basic HW Status: OK)
  Disk #1: USB DISK 2.0 USB Device (Removable Media)
    Interface: USB, Size: 7.46 GB (8,011,422,720 Bytes), Partitions: 1, Serial: 087712005070, Status: OK
    SMART Status: Query Error (Error: Error enumerating WMI results: Invalid query  (Code: InvalidQuery)) (Basic HW Status: OK)

 Logical Disks (Local Fixed):
  C: (N/A) - NTFS
    Size: 476.29 GB (511,412,744,192 Bytes), Free: 134.24 GB (28.2% Free)

 Volumes:
  C: (C:\) - NTFS
    Capacity: 476.29 GB, Free: 134.24 GB
    Device ID: \\?\Volume{c63c0a35-f537-46f9-9283-500d707ff5b7}\
    BitLocker Status: Protection On
  N/A (\\?\Volume{7b198d00-2fe0-4087-8566-d269c92bdb3f}\) - NTFS
    Capacity: 546 MB, Free: 84.15 MB
    Device ID: \\?\Volume{7b198d00-2fe0-4087-8566-d269c92bdb3f}\
    BitLocker Status: Not Found/Not Encryptable
  N/A (\\?\Volume{5b2d525d-4604-4466-b62a-6c5f406d4ec9}\) - FAT32
    Capacity: 96 MB, Free: 68.88 MB
    Device ID: \\?\Volume{5b2d525d-4604-4466-b62a-6c5f406d4ec9}\
    BitLocker Status: Not Found/Not Encryptable

 Video Controllers (GPU):
  - Name: NVIDIA GeForce RTX 3070 Laptop GPU (Status: OK)
    VRAM: 4 GB, Video Proc: NVIDIA GeForce RTX 3070 Laptop GPU
    Driver: 32.0.15.7283 (Date: 2025-03-14)
    Current Resolution: 0x0 @ N/A Hz
  - Name: AMD Radeon(TM) Graphics (Status: OK)
    VRAM: 512 MB, Video Proc: AMD Radeon Graphics Processor (0x1638)
    Driver: 27.20.14016.7001 (Date: 2021-01-07)
    Current Resolution: 1920x1080 @ 75 Hz

 Monitors:
  - Name: Default Monitor (ID: DesktopMonitor1)
    Mfg: N/A, Res: 0x0, PPI: 96x96
  - Name: Generic PnP Monitor (ID: DesktopMonitor2)
    Mfg: (Standard monitor types), Res: 1920x1080, PPI: 96x96

 Audio Devices:
  - NVIDIA High Definition Audio (Product: NVIDIA High Definition Audio, Mfg: NVIDIA, Status: 3)
  - Realtek High Definition Audio (Product: Realtek High Definition Audio, Mfg: Realtek, Status: 3)
  - AMD High Definition Audio Device (Product: AMD High Definition Audio Device, Mfg: Advanced Micro Devices, Status: 3)
  - NVIDIA Virtual Audio Device (Wave Extensible) (WDM) (Product: NVIDIA Virtual Audio Device (Wave Extensible) (WDM), Mfg: NVIDIA, Status: 3)

----------------------------------------
--- Software & Configuration ---
----------------------------------------
 Installed Applications:
  Count: 75
  - 7-Zip 24.08 (x64) (Version: 24.08, Publisher: Igor Pavlov, Installed: N/A)
  - Active@ KillDisk Professional 25 (Version: 25, Publisher: LSoft Technologies Inc, Installed: 2025-01-27)
  - Adobe Acrobat (64-bit) (Version: 25.001.20435, Publisher: Adobe, Installed: 2025-03-20)
  - Advanced IP Scanner 2.5.1 (Version: 2.5.4594.1, Publisher: Famatech, Installed: 2024-10-07)
  - Angry IP Scanner (Version: 3.9.1, Publisher: Angry IP Scanner, Installed: N/A)
  - ASUS Smart Display Control (Version: 1.7.0, Publisher: ASUSTek COMPUTER INC., Installed: 2025-01-20)
  - Cheat Engine 7.5 (Version: N/A, Publisher: Cheat Engine, Installed: 2025-01-02)
  - CMake (Version: 3.30.4, Publisher: Kitware, Installed: 2024-10-08)
  - Discord (Version: 1.0.9164, Publisher: Discord Inc., Installed: N/A)
  - Epic Games Launcher (Version: 1.3.93.0, Publisher: Epic Games, Inc., Installed: 2024-09-29)
  - Epic Online Services (Version: 2.0.44.0, Publisher: Epic Games, Inc., Installed: 2024-09-29)
  - Git (Version: 2.46.2, Publisher: The Git Development Community, Installed: 2024-10-01)
  - GitHub Desktop (Version: 3.4.18, Publisher: GitHub, Inc., Installed: 2025-04-13)
  - Google Chrome (Version: 135.0.7049.85, Publisher: Google LLC, Installed: 2025-04-11)
  - HWiNFO® 64 (Version: 8.24, Publisher: Martin Malik, REALiX s.r.o., Installed: 2025-04-05)
  - Java 8 Update 421 (Version: 8.0.4210.9, Publisher: Oracle Corporation, Installed: 2024-09-28)
  - Java(TM) SE Development Kit 23 (64-bit) (Version: 23.0.0.0, Publisher: Oracle Corporation, Installed: 2024-09-28)
  - Microsoft .NET SDK 8.0.408 (x64) (Version: 8.4.825.16805, Publisher: Microsoft Corporation, Installed: N/A)
  - Microsoft 365 - en-us (Version: 16.0.18623.20178, Publisher: Microsoft Corporation, Installed: N/A)
  - Microsoft Edge (Version: 135.0.3179.73, Publisher: Microsoft Corporation, Installed: 2025-04-13)
  - Microsoft OneDrive (Version: 25.051.0317.0003, Publisher: Microsoft Corporation, Installed: N/A)
  - Microsoft System CLR Types for SQL Server 2019 (Version: 15.0.2000.5, Publisher: Microsoft Corporation, Installed: 2024-10-01)
  - Microsoft Update Health Tools (Version: 3.74.0.0, Publisher: Microsoft Corporation, Installed: 2024-09-27)
  - Microsoft Visual C++ 2015-2022 Redistributable (x64) - 14.42.34438 (Version: 14.42.34438.0, Publisher: Microsoft Corporation, Installed: N/A)
  - Microsoft Visual C++ 2015-2022 Redistributable (x86) - 14.42.34438 (Version: 14.42.34438.0, Publisher: Microsoft Corporation, Installed: N/A)
  - Microsoft Visual Studio Code (User) (Version: 1.99.2, Publisher: Microsoft Corporation, Installed: 2025-04-11)
  - Microsoft Visual Studio Installer (Version: 3.13.2069.59209, Publisher: Microsoft Corporation, Installed: 2024-10-01)
  - Microsoft Windows Desktop Runtime - 8.0.15 (x64) (Version: 8.0.15.34718, Publisher: Microsoft Corporation, Installed: N/A)
  - Microsoft XNA Framework Redistributable 4.0 (Version: 4.0.20823.0, Publisher: Microsoft Corporation, Installed: 2024-11-03)
  - Mindustry (Version: N/A, Publisher: AnukenDev, Installed: N/A)
  - MongoDB 8.0.6 2008R2Plus SSL (64 bit) (Version: 8.0.6, Publisher: MongoDB Inc., Installed: 2025-04-13)
  - MongoDB Compass (Version: 1.46.0, Publisher: MongoDB Inc, Installed: 2025-04-13)
  - Mozilla Firefox (x64 en-US) (Version: 137.0.1, Publisher: Mozilla, Installed: N/A)
  - Mozilla Maintenance Service (Version: 130.0.1, Publisher: Mozilla, Installed: N/A)
  - Nmap 7.95 (Version: 7.95, Publisher: Nmap Project, Installed: N/A)
  - Node.js (Version: 22.14.0, Publisher: Node.js Foundation, Installed: 2025-04-13)
  - NordPass (Version: 5.24.13, Publisher: NordPass Team, Installed: N/A)
  - NordUpdater (Version: 1.4.6.950, Publisher: Nord Security, Installed: 2025-03-04)
  - NordVPN (Version: 7.32.5.0, Publisher: Nord Security, Installed: 2025-02-02)
  - Npcap (Version: 1.81, Publisher: Nmap Project, Installed: N/A)
  - NVIDIA App 11.0.3.232 (Version: 11.0.3.232, Publisher: NVIDIA Corporation, Installed: 2025-04-12)
  - NVIDIA FrameView SDK 1.5.10920.35420203 (Version: 1.5.10920.35420203, Publisher: NVIDIA Corporation, Installed: 2025-04-12)
  - NVIDIA Graphics Driver 572.83 (Version: 572.83, Publisher: NVIDIA Corporation, Installed: 2025-03-29)
  - NVIDIA HD Audio Driver 1.4.3.2 (Version: 1.4.3.2, Publisher: NVIDIA Corporation, Installed: 2025-03-29)
  - NVIDIA PhysX System Software 9.23.1019 (Version: 9.23.1019, Publisher: NVIDIA Corporation, Installed: 2024-09-28)
  - Obsidian (Version: 1.6.7, Publisher: Obsidian, Installed: N/A)
  - PingPlotter 5 (Version: 5.25.8.9059, Publisher: Pingman Tools, LLC, Installed: N/A)
  - Portmaster (Version: 1.0.13.0, Publisher: Safing ICS Technologies GmbH, Installed: N/A)
  - PowerShell 7.4.7.0-x64 (Version: 7.4.7.0, Publisher: Microsoft Corporation, Installed: N/A)
  - PowerShell 7.6.3.0-x64 (Version: 7.6.3.0, Publisher: Microsoft Corporation, Installed: N/A)
  - PowerToys (Preview) x64 (Version: 0.84.1, Publisher: Microsoft Corporation, Installed: N/A)
  - PuTTY release 0.81 (64-bit) (Version: 0.81.0.0, Publisher: Simon Tatham, Installed: 2024-09-27)
  - Python 3.12.6 (64-bit) (Version: 3.12.6150.0, Publisher: Python Software Foundation, Installed: N/A)
  - Python 3.13.3 (64-bit) (Version: 3.13.3150.0, Publisher: Python Software Foundation, Installed: N/A)
  - Python Launcher (Version: 3.13.3150.0, Publisher: Python Software Foundation, Installed: 2025-04-13)
  - Roblox Player for jack   (Version: N/A, Publisher: Roblox Corporation, Installed: N/A)
  - Silica (Version: N/A, Publisher: Martin 'Dram' Melichárek, Installed: N/A)
  - Slack (Version: 4.43.51, Publisher: Slack Technologies Inc., Installed: 2025-04-05)
  - SSHFS-Win 2021 (x64) (Version: 3.5.20357, Publisher: Navimatics LLC, Installed: 2024-09-27)
  - Steam (Version: 2.10.91.91, Publisher: Valve Corporation, Installed: N/A)
  - Stellaris (Version: N/A, Publisher: Paradox Development Studio, Installed: N/A)
  - Sublime Text (Version: N/A, Publisher: Sublime HQ Pty Ltd, Installed: 2024-10-01)
  - Tailscale (Version: 1.82.0, Publisher: Tailscale Inc., Installed: 2025-04-02)
  - Update for x64-based Windows Systems (KB5001716) (Version: 8.94.0.0, Publisher: Microsoft Corporation, Installed: 2024-10-18)
  - Visual Studio Build Tools 2019 (Version: 16.11.46, Publisher: Microsoft Corporation, Installed: 2025-04-13)
  - Visual Studio Community 2022 (Version: 17.13.6, Publisher: Microsoft Corporation, Installed: 2024-10-01)
  - VMware Player (Version: 17.5.0, Publisher: VMware, Inc., Installed: 2024-10-01)
  - vs_CoreEditorFonts (Version: 17.7.40001, Publisher: Microsoft Corporation, Installed: 2024-10-01)
  - WeMod (Version: 10.10.3, Publisher: WeMod, Installed: 2025-04-07)
  - WinDirStat 1.1.2 (Version: N/A, Publisher: N/A, Installed: N/A)
  - Windows 11 Installation Assistant (Version: 1.4.19041.5003, Publisher: Microsoft Corporation, Installed: N/A)
  - Windows SDK AddOn (Version: 10.1.0.0, Publisher: Microsoft Corporation, Installed: 2024-10-01)
  - Windows Software Development Kit - Windows 10.0.22621.3233 (Version: 10.1.22621.3233, Publisher: Microsoft Corporation, Installed: N/A)
  - WinFsp 2023 (Version: 2.0.23075, Publisher: Navimatics LLC, Installed: 2024-09-27)
  - WinSCP 6.3.6 (Version: 6.3.6, Publisher: Martin Prikryl, Installed: 2025-01-27)

 Installed Windows Updates (Hotfixes):
  - KB5054978 (Update) - Installed: N/A
  - KB5042056 (Update) - Installed: N/A
  - KB5011048 (Update) - Installed: N/A
  - KB5015684 (Update) - Installed: N/A
  - KB5055518 (Security Update) - Installed: N/A
  - KB5014032 (Security Update) - Installed: N/A
  - KB5032907 (Update) - Installed: N/A
  - KB5043130 (Update) - Installed: N/A
  - KB5046823 (Update) - Installed: N/A
  - KB5050388 (Security Update) - Installed: N/A
  - KB5050111 (Update) - Installed: N/A
  - KB5052916 (Update) - Installed: N/A
  - KB5054682 (Update) - Installed: N/A

 Relevant Services (Running, Critical, or Non-Microsoft):
  - Adobe Acrobat Update Service (AdobeARMservice)
    State: Running, StartMode: Auto, Status: OK
    Path: "C:\Program Files (x86)\Common Files\Adobe\ARM\1.0\armsvc.exe"
  - AMD External Events Utility (AMD External Events Utility)
    State: Running, StartMode: Auto, Status: OK
    Path: C:\Windows\System32\DriverStore\FileRepository\u0363046.inf_amd64_d6f0080b527c99b5\B362912\atiesrxx.exe
  - Application Information (Appinfo)
    State: Running, StartMode: Manual, Status: OK
    Path: C:\Windows\system32\svchost.exe -k netsvcs -p
  - AppX Deployment Service (AppXSVC) (AppXSvc)
    State: Running, StartMode: Manual, Status: OK
    Path: C:\Windows\system32\svchost.exe -k wsappx -p
  - Armoury Crate Control Interface (ArmouryCrateControlInterface)
    State: Running, StartMode: Auto, Status: OK
    Path: C:\Windows\System32\ASUSACCI\ArmouryCrateControlInterface.exe
  - ASUS App Service (AsusAppService)
    State: Running, StartMode: Auto, Status: OK
    Path: C:\Windows\System32\DriverStore\FileRepository\asussci2.inf_amd64_f57c48cf404ebc46\AsusAppService\AsusAppService.exe
  - ASUS Optimization (ASUSOptimization)
    State: Running, StartMode: Auto, Status: OK
    Path: C:\Windows\System32\DriverStore\FileRepository\asussci2.inf_amd64_f57c48cf404ebc46\ASUSOptimization\AsusOptimization.exe
  - ASUS Software Manager (ASUSSoftwareManager)
    State: Running, StartMode: Auto, Status: OK
    Path: C:\Windows\System32\DriverStore\FileRepository\asussci2.inf_amd64_f57c48cf404ebc46\ASUSSoftwareManager\AsusSoftwareManager.exe
  - ASUS Switch (ASUSSwitch)
    State: Running, StartMode: Auto, Status: OK
    Path: C:\Windows\System32\DriverStore\FileRepository\asussci2.inf_amd64_f57c48cf404ebc46\ASUSSwitch\AsusSwitch.exe
  - ASUS System Analysis (ASUSSystemAnalysis)
    State: Running, StartMode: Auto, Status: OK
    Path: C:\Windows\System32\DriverStore\FileRepository\asussci2.inf_amd64_f57c48cf404ebc46\ASUSSystemAnalysis\AsusSystemAnalysis.exe
  - ASUS System Diagnosis (ASUSSystemDiagnosis)
    State: Running, StartMode: Auto, Status: OK
    Path: C:\Windows\System32\DriverStore\FileRepository\asussci2.inf_amd64_f57c48cf404ebc46\ASUSSystemDiagnosis\AsusSystemDiagnosis.exe
  - AVCTP service (BthAvctpSvc)
    State: Running, StartMode: Manual, Status: OK
    Path: C:\Windows\system32\svchost.exe -k LocalService -p
  - Background Intelligent Transfer Service (BITS)
    State: Running, StartMode: Auto, Status: OK
    Path: C:\Windows\System32\svchost.exe -k netsvcs -p
  - Background Tasks Infrastructure Service (BrokerInfrastructure)
    State: Running, StartMode: Auto, Status: OK
    Path: C:\Windows\system32\svchost.exe -k DcomLaunch -p
  - Base Filtering Engine (BFE)
    State: Running, StartMode: Auto, Status: OK
    Path: C:\Windows\system32\svchost.exe -k LocalServiceNoNetworkFirewall -p
  - Battle.net Update Helper Svc (battlenet_helpersvc)
    State: Stopped, StartMode: Manual, Status: OK
    Path: C:\ProgramData\Battle.net_components\battlenet_helpersvc\AgentHelper.exe
  - BattlEye Service (BEService)
    State: Stopped, StartMode: Manual, Status: OK
    Path: "C:\Program Files (x86)\Common Files\BattlEye\BEService.exe"
  - BitLocker Drive Encryption Service (BDESVC)
    State: Running, StartMode: Manual, Status: OK
    Path: C:\Windows\System32\svchost.exe -k netsvcs -p
  - Block Level Backup Engine Service (wbengine)
    State: Stopped, StartMode: Manual, Status: OK
    Path: "C:\Windows\system32\wbengine.exe"
  - Capability Access Manager Service (camsvc)
    State: Running, StartMode: Manual, Status: OK
    Path: C:\Windows\system32\svchost.exe -k appmodel -p
  - Clipboard User Service_cb2633e (cbdhsvc_cb2633e)
    State: Running, StartMode: Manual, Status: OK
    Path: C:\Windows\system32\svchost.exe -k ClipboardSvcGroup -p
  - CNG Key Isolation (KeyIso)
    State: Running, StartMode: Manual, Status: OK
    Path: C:\Windows\system32\lsass.exe
  - COM+ Event System (EventSystem)
    State: Running, StartMode: Auto, Status: OK
    Path: C:\Windows\system32\svchost.exe -k LocalService -p
  - Connected Devices Platform Service (CDPSvc)
    State: Running, StartMode: Auto, Status: OK
    Path: C:\Windows\system32\svchost.exe -k LocalService -p
  - Connected Devices Platform User Service_cb2633e (CDPUserSvc_cb2633e)
    State: Running, StartMode: Auto, Status: OK
    Path: C:\Windows\system32\svchost.exe -k UnistackSvcGroup
  - Connected User Experiences and Telemetry (DiagTrack)
    State: Running, StartMode: Auto, Status: OK
    Path: C:\Windows\System32\svchost.exe -k utcsvc -p
  - CoreMessaging (CoreMessagingRegistrar)
    State: Running, StartMode: Auto, Status: OK
    Path: C:\Windows\system32\svchost.exe -k LocalServiceNoNetwork -p
  - Credential Manager (VaultSvc)
    State: Running, StartMode: Manual, Status: OK
    Path: C:\Windows\system32\lsass.exe
  - Cryptographic Services (CryptSvc)
    State: Running, StartMode: Auto, Status: OK
    Path: C:\Windows\system32\svchost.exe -k NetworkService -p
  - Data Sharing Service (DsSvc)
    State: Running, StartMode: Manual, Status: OK
    Path: C:\Windows\System32\svchost.exe -k LocalSystemNetworkRestricted -p
  - Data Usage (DusmSvc)
    State: Running, StartMode: Auto, Status: OK
    Path: C:\Windows\System32\svchost.exe -k LocalServiceNetworkRestricted -p
  - DCOM Server Process Launcher (DcomLaunch)
    State: Running, StartMode: Auto, Status: OK
    Path: C:\Windows\system32\svchost.exe -k DcomLaunch -p
  - Delivery Optimization (DoSvc)
    State: Running, StartMode: Auto, Status: OK
    Path: C:\Windows\System32\svchost.exe -k NetworkService -p
  - Device Association Service (DeviceAssociationService)
    State: Running, StartMode: Auto, Status: OK
    Path: C:\Windows\system32\svchost.exe -k LocalSystemNetworkRestricted -p
  - Device Install Service (DeviceInstall)
    State: Running, StartMode: Manual, Status: OK
    Path: C:\Windows\system32\svchost.exe -k DcomLaunch -p
  - DevQuery Background Discovery Broker (DevQueryBroker)
    State: Running, StartMode: Manual, Status: OK
    Path: C:\Windows\system32\svchost.exe -k LocalSystemNetworkRestricted -p
  - DHCP Client (Dhcp)
    State: Running, StartMode: Auto, Status: OK
    Path: C:\Windows\system32\svchost.exe -k LocalServiceNetworkRestricted -p
  - Diagnostic Policy Service (DPS)
    State: Running, StartMode: Auto, Status: OK
    Path: C:\Windows\System32\svchost.exe -k LocalServiceNoNetwork -p
  - Diagnostic Service Host (WdiServiceHost)
    State: Running, StartMode: Manual, Status: OK
    Path: C:\Windows\System32\svchost.exe -k LocalService -p
  - Display Enhancement Service (DisplayEnhancementService)
    State: Running, StartMode: Manual, Status: OK
    Path: C:\Windows\system32\svchost.exe -k LocalSystemNetworkRestricted -p
  - Display Policy Service (DispBrokerDesktopSvc)
    State: Running, StartMode: Auto, Status: OK
    Path: C:\Windows\system32\svchost.exe -k LocalService -p
  - Distributed Link Tracking Client (TrkWks)
    State: Running, StartMode: Auto, Status: OK
    Path: C:\Windows\System32\svchost.exe -k LocalSystemNetworkRestricted -p
  - DNS Client (Dnscache)
    State: Running, StartMode: Auto, Status: OK
    Path: C:\Windows\system32\svchost.exe -k NetworkService -p
  - DtsApo4Service (DtsApo4Service)
    State: Running, StartMode: Auto, Status: OK
    Path: C:\Windows\System32\DTS\PC\APO4x\DtsApo4Service.exe
  - Easy Anti-Cheat (Epic Online Services) (EasyAntiCheat_EOS)
    State: Stopped, StartMode: Manual, Status: OK
    Path: "C:\Program Files (x86)\EasyAntiCheat_EOS\EasyAntiCheat_EOS.exe"
  - Encrypting File System (EFS) (EFS)
    State: Running, StartMode: Manual, Status: OK
    Path: C:\Windows\System32\lsass.exe
  - Epic Online Services (EpicOnlineServices)
    State: Stopped, StartMode: Manual, Status: OK
    Path: "C:\Program Files (x86)\Epic Games\Epic Online Services\service\EpicOnlineServicesHost.exe"
  - Function Discovery Resource Publication (FDResPub)
    State: Running, StartMode: Manual, Status: OK
    Path: C:\Windows\system32\svchost.exe -k LocalServiceAndNoImpersonation -p
  - Gaming Services (GamingServices)
    State: Running, StartMode: Auto, Status: OK
    Path: C:\Program Files\WindowsApps\Microsoft.GamingServices_28.100.8001.0_x64__8wekyb3d8bbwe\GamingServices.exe
  - Gaming Services (GamingServicesNet)
    State: Running, StartMode: Auto, Status: OK
    Path: C:\Program Files\WindowsApps\Microsoft.GamingServices_28.100.8001.0_x64__8wekyb3d8bbwe\GamingServicesNet.exe
  - Geolocation Service (lfsvc)
    State: Running, StartMode: Manual, Status: OK
    Path: C:\Windows\system32\svchost.exe -k netsvcs -p
  - Google Chrome Elevation Service (GoogleChromeElevationService) (GoogleChromeElevationService)
    State: Stopped, StartMode: Manual, Status: OK
    Path: "C:\Program Files\Google\Chrome\Application\135.0.7049.85\elevation_service.exe"
  - Google Updater Internal Service (GoogleUpdaterInternalService137.0.7115.0) (GoogleUpdaterInternalService137.0.7115.0)
    State: Stopped, StartMode: Auto, Status: OK
    Path: "C:\Program Files (x86)\Google\GoogleUpdater\137.0.7115.0\updater.exe" --system --windows-service --service=update-internal
  - Google Updater Service (GoogleUpdaterService137.0.7115.0) (GoogleUpdaterService137.0.7115.0)
    State: Stopped, StartMode: Auto, Status: OK
    Path: "C:\Program Files (x86)\Google\GoogleUpdater\137.0.7115.0\updater.exe" --system --windows-service --service=update
  - Human Interface Device Service (hidserv)
    State: Running, StartMode: Manual, Status: OK
    Path: C:\Windows\system32\svchost.exe -k LocalSystemNetworkRestricted -p
  - IKE and AuthIP IPsec Keying Modules (IKEEXT)
    State: Running, StartMode: Auto, Status: OK
    Path: C:\Windows\system32\svchost.exe -k netsvcs -p
  - IP Helper (iphlpsvc)
    State: Running, StartMode: Auto, Status: OK
    Path: C:\Windows\System32\svchost.exe -k NetSvcs -p
  - IPsec Policy Agent (PolicyAgent)
    State: Running, StartMode: Manual, Status: OK
    Path: C:\Windows\system32\svchost.exe -k NetworkServiceNetworkRestricted -p
  - Local Session Manager (LSM)
    State: Running, StartMode: Auto, Status: OK
    Path: C:\Windows\system32\svchost.exe -k DcomLaunch -p
  - Microsoft Defender Antivirus Network Inspection Service (WdNisSvc)
    State: Running, StartMode: Manual, Status: OK
    Path: "C:\ProgramData\Microsoft\Windows Defender\Platform\4.18.25030.2-0\NisSrv.exe"
  - Microsoft Defender Antivirus Service (WinDefend)
    State: Running, StartMode: Auto, Status: OK
    Path: "C:\ProgramData\Microsoft\Windows Defender\Platform\4.18.25030.2-0\MsMpEng.exe"
  - Microsoft Defender Core Service (MDCoreSvc)
    State: Running, StartMode: Auto, Status: OK
    Path: "C:\ProgramData\Microsoft\Windows Defender\Platform\4.18.25030.2-0\MpDefenderCoreService.exe"
  - Microsoft Office Click-to-Run Service (ClickToRunSvc)
    State: Running, StartMode: Auto, Status: OK
    Path: "C:\Program Files\Common Files\Microsoft Shared\ClickToRun\OfficeClickToRun.exe" /service
  - Microsoft Passport (NgcSvc)
    State: Running, StartMode: Manual, Status: OK
    Path: C:\Windows\system32\svchost.exe -k LocalSystemNetworkRestricted -p
  - Microsoft Passport Container (NgcCtnrSvc)
    State: Running, StartMode: Manual, Status: OK
    Path: C:\Windows\system32\svchost.exe -k LocalServiceNetworkRestricted -p
  - Microsoft Store Install Service (InstallService)
    State: Running, StartMode: Manual, Status: OK
    Path: C:\Windows\System32\svchost.exe -k netsvcs -p
  - MongoDB Server (MongoDB) (MongoDB)
    State: Running, StartMode: Auto, Status: OK
    Path: "C:\Program Files\MongoDB\Server\8.0\bin\mongod.exe" --config "C:\Program Files\MongoDB\Server\8.0\bin\mongod.cfg" --service
  - Mozilla Maintenance Service (MozillaMaintenance)
    State: Stopped, StartMode: Manual, Status: OK
    Path: "C:\Program Files (x86)\Mozilla Maintenance Service\maintenanceservice.exe"
  - Network Connected Devices Auto-Setup (NcdAutoSetup)
    State: Running, StartMode: Manual, Status: OK
    Path: C:\Windows\System32\svchost.exe -k LocalServiceNoNetwork -p
  - Network Connection Broker (NcbService)
    State: Running, StartMode: Manual, Status: OK
    Path: C:\Windows\System32\svchost.exe -k LocalSystemNetworkRestricted -p
  - Network List Service (netprofm)
    State: Running, StartMode: Manual, Status: OK
    Path: C:\Windows\System32\svchost.exe -k LocalService -p
  - Network Location Awareness (NlaSvc)
    State: Running, StartMode: Auto, Status: OK
    Path: C:\Windows\System32\svchost.exe -k NetworkService -p
  - Network Setup Service (NetSetupSvc)
    State: Running, StartMode: Manual, Status: OK
    Path: C:\Windows\System32\svchost.exe -k netsvcs -p
  - Network Store Interface Service (nsi)
    State: Running, StartMode: Auto, Status: OK
    Path: C:\Windows\system32\svchost.exe -k LocalService -p
  - NordSec Update Service (NordUpdaterService)
    State: Running, StartMode: Auto, Status: OK
    Path: "C:\Program Files\NordUpdater\NordUpdateService.exe"
  - nordsec-threatprotection-service (nordsec-threatprotection-service)
    State: Stopped, StartMode: Manual, Status: OK
    Path: "C:\Program Files\NordVPN\NordSec ThreatProtection\nordsec-threatprotection-service.exe" "appVersion-1.4.32.13"
  - nordvpn-service (nordvpn-service)
    State: Stopped, StartMode: Disabled, Status: OK
    Path: "C:\Program Files\NordVPN\nordvpn-service.exe"
  - NVIDIA Display Container LS (NVDisplay.ContainerLocalSystem)
    State: Running, StartMode: Auto, Status: OK
    Path: C:\Windows\System32\DriverStore\FileRepository\nvami.inf_amd64_f7ffb96781f20ff4\Display.NvContainer\NVDisplay.Container.exe -s NVDisplay.ContainerLocalSystem -f C:\ProgramData\NVIDIA\NVDisplay.ContainerLocalSystem.log -l 3 -d C:\Windows\System32\DriverStore\FileRepository\nvami.inf_amd64_f7ffb96781f20ff4\Display.NvContainer\plugins\LocalSystem -r -p 30000 -cfg NVDisplay.ContainerLocalSystem\LocalSystem /ert
  - NVIDIA FrameView SDK service (FvSvc)
    State: Stopped, StartMode: Manual, Status: OK
    Path: "C:\Program Files\NVIDIA Corporation\FrameViewSDK\nvfvsdksvc_x64.exe" -service
  - NVIDIA LocalSystem Container (NvContainerLocalSystem)
    State: Running, StartMode: Auto, Status: OK
    Path: "C:\Program Files\NVIDIA Corporation\NvContainer\nvcontainer.exe" -s NvContainerLocalSystem -a -f "C:\ProgramData\NVIDIA Corporation\NVIDIA app\NvContainer\NvContainerLocalSystem.log" -l 3 -d "C:\Program Files\NVIDIA Corporation\NvContainer\plugins\LocalSystem" -r -p 30000  -ert
  - OpenSSH Authentication Agent (ssh-agent)
    State: Running, StartMode: Auto, Status: OK
    Path: C:\Windows\System32\OpenSSH\ssh-agent.exe
  - Plug and Play (PlugPlay)
    State: Running, StartMode: Manual, Status: OK
    Path: C:\Windows\system32\svchost.exe -k DcomLaunch -p
  - Portmaster Core (PortmasterCore)
    State: Running, StartMode: Auto, Status: OK
    Path: C:\ProgramData\Safing\Portmaster\portmaster-start.exe core-service --data C:\ProgramData\Safing\Portmaster --input-signals
  - Power (Power)
    State: Running, StartMode: Auto, Status: OK
    Path: C:\Windows\system32\svchost.exe -k DcomLaunch -p
  - Print Spooler (Spooler)
    State: Running, StartMode: Auto, Status: OK
    Path: C:\Windows\System32\spoolsv.exe
  - Program Compatibility Assistant Service (PcaSvc)
    State: Running, StartMode: Manual, Status: OK
    Path: C:\Windows\system32\svchost.exe -k LocalSystemNetworkRestricted -p
  - Radio Management Service (RmSvc)
    State: Running, StartMode: Manual, Status: OK
    Path: C:\Windows\System32\svchost.exe -k LocalServiceNetworkRestricted
  - Realtek Audio Universal Service (RtkAudioUniversalService)
    State: Running, StartMode: Auto, Status: OK
    Path: "C:\Windows\System32\DriverStore\FileRepository\realtekservice.inf_amd64_179f26ff7cd32d0f\RtkAudUService64.exe"
  - Remote Access Connection Manager (RasMan)
    State: Running, StartMode: Auto, Status: OK
    Path: C:\Windows\System32\svchost.exe -k netsvcs
  - Remote Procedure Call (RPC) (RpcSs)
    State: Running, StartMode: Auto, Status: OK
    Path: C:\Windows\system32\svchost.exe -k rpcss -p
  - RPC Endpoint Mapper (RpcEptMapper)
    State: Running, StartMode: Auto, Status: OK
    Path: C:\Windows\system32\svchost.exe -k RPCSS -p
  - Secure Socket Tunneling Protocol Service (SstpSvc)
    State: Running, StartMode: Manual, Status: OK
    Path: C:\Windows\system32\svchost.exe -k LocalService -p
  - Security Accounts Manager (SamSs)
    State: Running, StartMode: Auto, Status: OK
    Path: C:\Windows\system32\lsass.exe
  - Security Center (wscsvc)
    State: Running, StartMode: Auto, Status: OK
    Path: C:\Windows\System32\svchost.exe -k LocalServiceNetworkRestricted -p
  - Server (LanmanServer)
    State: Running, StartMode: Auto, Status: OK
    Path: C:\Windows\system32\svchost.exe -k netsvcs -p
  - Shell Hardware Detection (ShellHWDetection)
    State: Running, StartMode: Auto, Status: OK
    Path: C:\Windows\System32\svchost.exe -k netsvcs -p
  - SSDP Discovery (SSDPSRV)
    State: Running, StartMode: Manual, Status: OK
    Path: C:\Windows\system32\svchost.exe -k LocalServiceAndNoImpersonation -p
  - State Repository Service (StateRepository)
    State: Running, StartMode: Manual, Status: OK
    Path: C:\Windows\system32\svchost.exe -k appmodel -p
  - Steam Client Service (Steam Client Service)
    State: Stopped, StartMode: Manual, Status: OK
    Path: "C:\Program Files (x86)\Common Files\Steam\steamservice.exe" /RunAsService
  - Storage Service (StorSvc)
    State: Running, StartMode: Auto, Status: OK
    Path: C:\Windows\System32\svchost.exe -k LocalSystemNetworkRestricted -p
  - Sync Host_cb2633e (OneSyncSvc_cb2633e)
    State: Running, StartMode: Auto, Status: OK
    Path: C:\Windows\system32\svchost.exe -k UnistackSvcGroup
  - SysMain (SysMain)
    State: Running, StartMode: Auto, Status: OK
    Path: C:\Windows\system32\svchost.exe -k LocalSystemNetworkRestricted -p
  - System Event Notification Service (SENS)
    State: Running, StartMode: Auto, Status: OK
    Path: C:\Windows\system32\svchost.exe -k netsvcs -p
  - System Events Broker (SystemEventsBroker)
    State: Running, StartMode: Auto, Status: OK
    Path: C:\Windows\system32\svchost.exe -k DcomLaunch -p
  - Tailscale (Tailscale)
    State: Running, StartMode: Auto, Status: OK
    Path: "C:\Program Files\Tailscale\tailscaled.exe"
  - Task Scheduler (Schedule)
    State: Running, StartMode: Auto, Status: OK
    Path: C:\Windows\system32\svchost.exe -k netsvcs -p
  - TCP/IP NetBIOS Helper (lmhosts)
    State: Running, StartMode: Manual, Status: OK
    Path: C:\Windows\System32\svchost.exe -k LocalServiceNetworkRestricted -p
  - Themes (Themes)
    State: Running, StartMode: Auto, Status: OK
    Path: C:\Windows\System32\svchost.exe -k netsvcs -p
  - Time Broker (TimeBrokerSvc)
    State: Running, StartMode: Manual, Status: OK
    Path: C:\Windows\system32\svchost.exe -k LocalServiceNetworkRestricted -p
  - Touch Keyboard and Handwriting Panel Service (TabletInputService)
    State: Running, StartMode: Manual, Status: OK
    Path: C:\Windows\System32\svchost.exe -k LocalSystemNetworkRestricted -p
  - Update Orchestrator Service (UsoSvc)
    State: Running, StartMode: Auto, Status: OK
    Path: C:\Windows\system32\svchost.exe -k netsvcs -p
  - User Manager (UserManager)
    State: Running, StartMode: Auto, Status: OK
    Path: C:\Windows\system32\svchost.exe -k netsvcs -p
  - User Profile Service (ProfSvc)
    State: Running, StartMode: Auto, Status: OK
    Path: C:\Windows\system32\svchost.exe -k netsvcs -p
  - VMware Authorization Service (VMAuthdService)
    State: Running, StartMode: Auto, Status: OK
    Path: "C:\Program Files (x86)\VMware\VMware Player\vmware-authd.exe"
  - VMware DHCP Service (VMnetDHCP)
    State: Running, StartMode: Auto, Status: OK
    Path: C:\Windows\SysWOW64\vmnetdhcp.exe
  - VMware NAT Service (VMware NAT Service)
    State: Running, StartMode: Auto, Status: OK
    Path: C:\Windows\SysWOW64\vmnat.exe
  - VMware USB Arbitration Service (VMUSBArbService)
    State: Running, StartMode: Auto, Status: OK
    Path: "C:\Program Files (x86)\Common Files\VMware\USB\vmware-usbarbitrator64.exe"
  - Web Account Manager (TokenBroker)
    State: Running, StartMode: Manual, Status: OK
    Path: C:\Windows\system32\svchost.exe -k netsvcs -p
  - Windows Audio (Audiosrv)
    State: Running, StartMode: Auto, Status: OK
    Path: C:\Windows\System32\svchost.exe -k LocalServiceNetworkRestricted -p
  - Windows Audio Endpoint Builder (AudioEndpointBuilder)
    State: Running, StartMode: Auto, Status: OK
    Path: C:\Windows\System32\svchost.exe -k LocalSystemNetworkRestricted -p
  - Windows Connect Now - Config Registrar (wcncsvc)
    State: Running, StartMode: Manual, Status: OK
    Path: C:\Windows\System32\svchost.exe -k LocalServiceAndNoImpersonation -p
  - Windows Connection Manager (Wcmsvc)
    State: Running, StartMode: Auto, Status: OK
    Path: C:\Windows\system32\svchost.exe -k LocalServiceNetworkRestricted -p
  - Windows Defender Advanced Threat Protection Service (Sense)
    State: Stopped, StartMode: Manual, Status: OK
    Path: "C:\Program Files\Windows Defender Advanced Threat Protection\MsSense.exe"
  - Windows Defender Firewall (mpssvc)
    State: Running, StartMode: Auto, Status: OK
    Path: C:\Windows\system32\svchost.exe -k LocalServiceNoNetworkFirewall -p
  - Windows Event Log (EventLog)
    State: Running, StartMode: Auto, Status: OK
    Path: C:\Windows\System32\svchost.exe -k LocalServiceNetworkRestricted -p
  - Windows Font Cache Service (FontCache)
    State: Running, StartMode: Auto, Status: OK
    Path: C:\Windows\system32\svchost.exe -k LocalService -p
  - Windows Image Acquisition (WIA) (stisvc)
    State: Running, StartMode: Auto, Status: OK
    Path: C:\Windows\system32\svchost.exe -k imgsvc
  - Windows License Manager Service (LicenseManager)
    State: Running, StartMode: Manual, Status: OK
    Path: C:\Windows\System32\svchost.exe -k LocalService -p
  - Windows Management Instrumentation (Winmgmt)
    State: Running, StartMode: Auto, Status: OK
    Path: C:\Windows\system32\svchost.exe -k netsvcs -p
  - Windows Media Player Network Sharing Service (WMPNetworkSvc)
    State: Stopped, StartMode: Manual, Status: OK
    Path: "C:\Program Files\Windows Media Player\wmpnetwk.exe"
  - Windows Modules Installer (TrustedInstaller)
    State: Running, StartMode: Manual, Status: OK
    Path: C:\Windows\servicing\TrustedInstaller.exe
  - Windows Push Notifications System Service (WpnService)
    State: Running, StartMode: Auto, Status: OK
    Path: C:\Windows\system32\svchost.exe -k netsvcs -p
  - Windows Push Notifications User Service_cb2633e (WpnUserService_cb2633e)
    State: Running, StartMode: Auto, Status: OK
    Path: C:\Windows\system32\svchost.exe -k UnistackSvcGroup
  - Windows Search (WSearch)
    State: Running, StartMode: Auto, Status: OK
    Path: C:\Windows\system32\SearchIndexer.exe /Embedding
  - Windows Security Service (SecurityHealthService)
    State: Running, StartMode: Manual, Status: OK
    Path: C:\Windows\system32\SecurityHealthService.exe
  - Windows Update (wuauserv)
    State: Stopped, StartMode: Auto, Status: OK
    Path: C:\Windows\system32\svchost.exe -k netsvcs -p
  - WinFsp.Launcher (WinFsp.Launcher)
    State: Running, StartMode: Auto, Status: OK
    Path: "C:\Program Files (x86)\WinFsp\SxS\sxs.20240927T103738Z\bin\launcher-x64.exe"
  - WinHTTP Web Proxy Auto-Discovery Service (WinHttpAutoProxySvc)
    State: Running, StartMode: Manual, Status: OK
    Path: C:\Windows\system32\svchost.exe -k LocalServiceNetworkRestricted -p
  - WLAN AutoConfig (WlanSvc)
    State: Running, StartMode: Auto, Status: OK
    Path: C:\Windows\system32\svchost.exe -k LocalSystemNetworkRestricted -p
  - Workstation (LanmanWorkstation)
    State: Running, StartMode: Auto, Status: OK
    Path: C:\Windows\System32\svchost.exe -k NetworkService -p

 Startup Programs:
  - [Folder:Common Startup] Portmaster Notifier.lnk = C:\ProgramData\Microsoft\Windows\Start Menu\Programs\Startup\Portmaster Notifier.lnk
  - [Folder:Common Startup] Tailscale.lnk = C:\ProgramData\Microsoft\Windows\Start Menu\Programs\Startup\Tailscale.lnk
  - [Reg:CURRENT_USER\Registry32\Run] Discord = "C:\Users\jack\AppData\Local\Discord\Update.exe" --processStart Discord.exe
  - [Reg:CURRENT_USER\Registry32\Run] electron.app.NordPass = C:\Users\jack\AppData\Local\Programs\nordpass\NordPass.exe "--hidden"
  - [Reg:CURRENT_USER\Registry32\Run] EpicGamesLauncher = "C:\Program Files (x86)\Epic Games\Launcher\Portal\Binaries\Win64\EpicGamesLauncher.exe" -silent -launchcontext=boot
  - [Reg:CURRENT_USER\Registry32\Run] MicrosoftEdgeAutoLaunch_CB27B9E1E999CFEF12A04AF911F2DDF9 = "C:\Program Files (x86)\Microsoft\Edge\Application\msedge.exe" --no-startup-window --win-session-start
  - [Reg:CURRENT_USER\Registry32\Run] NokiaSuite.exe = D:\Program Files\Nokia\Nokia Suite\NokiaSuite.exe -tray
  - [Reg:CURRENT_USER\Registry32\Run] OneDrive = "C:\Program Files\Microsoft OneDrive\OneDrive.exe" /background
  - [Reg:CURRENT_USER\Registry32\Run] Steam = "C:\Program Files (x86)\Steam\steam.exe" -silent
  - [Reg:CURRENT_USER\Registry64\Run] Discord = "C:\Users\jack\AppData\Local\Discord\Update.exe" --processStart Discord.exe
  - [Reg:CURRENT_USER\Registry64\Run] electron.app.NordPass = C:\Users\jack\AppData\Local\Programs\nordpass\NordPass.exe "--hidden"
  - [Reg:CURRENT_USER\Registry64\Run] EpicGamesLauncher = "C:\Program Files (x86)\Epic Games\Launcher\Portal\Binaries\Win64\EpicGamesLauncher.exe" -silent -launchcontext=boot
  - [Reg:CURRENT_USER\Registry64\Run] MicrosoftEdgeAutoLaunch_CB27B9E1E999CFEF12A04AF911F2DDF9 = "C:\Program Files (x86)\Microsoft\Edge\Application\msedge.exe" --no-startup-window --win-session-start
  - [Reg:CURRENT_USER\Registry64\Run] NokiaSuite.exe = D:\Program Files\Nokia\Nokia Suite\NokiaSuite.exe -tray
  - [Reg:CURRENT_USER\Registry64\Run] OneDrive = "C:\Program Files\Microsoft OneDrive\OneDrive.exe" /background
  - [Reg:CURRENT_USER\Registry64\Run] Steam = "C:\Program Files (x86)\Steam\steam.exe" -silent
  - [Reg:LOCAL_MACHINE\Registry32\Run] ASUS Smart Display Control = "C:\Program Files (x86)\ASUS\ASUS Smart Display Control\ASUSSmartDisplayControl.exe"
  - [Reg:LOCAL_MACHINE\Registry32\Run] SunJavaUpdateSched = "C:\Program Files (x86)\Common Files\Java\Java Update\jusched.exe"
  - [Reg:LOCAL_MACHINE\Registry64\Run] SecurityHealth = C:\Windows\system32\SecurityHealthSystray.exe

 System Environment Variables:
  ChocolateyInstall=C:\ProgramData\chocolatey
  ComSpec=C:\Windows\system32\cmd.exe
  DriverData=C:\Windows\System32\Drivers\DriverData
  NUMBER_OF_PROCESSORS=16
  OS=Windows_NT
  Path=C:\Python313\Scripts\;C:\Python313\;C:\Program Files (x86)\VMware\VMware Player\bin\;C:\Program Files\Common Files\Oracle\Java\javapath;C:\Program Files (x86)\Common Files\Oracle\Java\java8path;C:\Program Files (x86)\Common Files\Oracle\Java\javapath;C:\Windows\system32;C:\Windows;C:\Windows\System32\Wbem;C:\Windows\System32\WindowsPowerShell\v1.0\;C:\Windows\System32\OpenSSH\;C:\Program Files\Tailscale\;C:\Program Files\PuTTY\;C:\Program Files (x86)\NVIDIA Corporation\PhysX\Common;C:\Program Files (x86)\Windows Kits\10\Windows Performance Toolkit\;C:\Program Files\Git\cmd;C:\Program Files\CMake\bin;C:\Program Files\NVIDIA Corporation\NVIDIA app\NvDLISR;C:\Program Files\WindowsPowerShell\Scripts;C:\Program Files\dotnet\;C:\Program Files\PowerShell\7-preview\preview;C:\Program Files\PowerShell\7\;C:\Program Files\nodejs\;C:\ProgramData\chocolatey\bin
  PATHEXT=.COM;.EXE;.BAT;.CMD;.VBS;.VBE;.JS;.JSE;.WSF;.WSH;.MSC;.PY;.PYW
  POWERSHELL_DISTRIBUTION_CHANNEL=MSI:Windows 10 Pro
  PROCESSOR_ARCHITECTURE=AMD64
  PROCESSOR_IDENTIFIER=AMD64 Family 25 Model 80 Stepping 0, AuthenticAMD
  PROCESSOR_LEVEL=25
  PROCESSOR_REVISION=5000
  PSModulePath=C:\Program Files\WindowsPowerShell\Modules;C:\Windows\system32\WindowsPowerShell\v1.0\Modules
  TEMP=C:\Windows\TEMP
  TMP=C:\Windows\TEMP
  USERNAME=SYSTEM
  windir=C:\Windows

 User Environment Variables:
  ChocolateyLastPathUpdate=133890082876896264
  OneDrive=C:\Users\jack\OneDrive
  OneDriveConsumer=C:\Users\jack\OneDrive
  Path=C:\Users\jack\AppData\Local\Programs\Python\Python312\Scripts\;C:\Users\jack\AppData\Local\Programs\Python\Python312\;C:\Users\jack\AppData\Local\Microsoft\WindowsApps;C:\Users\jack\AppData\Local\GitHubDesktop\bin;C:\Program Files (x86)\Nmap;C:\Users\jack\AppData\Local\Programs\Microsoft VS Code\bin;C:\Users\jack\AppData\Roaming\npm;C:\Users\jack\.dotnet\tools
  TEMP=C:\Users\jack\AppData\Local\Temp
  TMP=C:\Users\jack\AppData\Local\Temp

----------------------------------------
--- Security Information ---
----------------------------------------
 Running as Administrator: True
 UAC Status: Enabled
 Antivirus: Windows Defender (State: Enabled, Not up-to-date (State: 397568))
 Firewall: N/A (State: Not Found or WMI Access Denied)
 Secure Boot Enabled: True
 BIOS Mode (Inferred): UEFI

 TPM (Trusted Platform Module):
  Present: True
  Enabled: True
  Activated: True
  Spec Version: 2.0, 0, 1.38
  Manufacturer: AMD (Version: 3.57.0.5)
  Status Summary: Ready

 Local User Accounts:
  - Administrator (SID: S-1-5-21-3282010388-2975178795-1062935351-500)
    Disabled: True, PwdRequired: True, PwdChangeable: True, IsLocal: True
  - bec (SID: S-1-5-21-3282010388-2975178795-1062935351-1004)
    Disabled: True, PwdRequired: True, PwdChangeable: True, IsLocal: True
  - ben (SID: S-1-5-21-3282010388-2975178795-1062935351-1002)
    Disabled: True, PwdRequired: True, PwdChangeable: True, IsLocal: True
  - DefaultAccount (SID: S-1-5-21-3282010388-2975178795-1062935351-503)
    Disabled: True, PwdRequired: False, PwdChangeable: True, IsLocal: True
  - defaultuser0 (SID: S-1-5-21-3282010388-2975178795-1062935351-1000)
    Disabled: True, PwdRequired: True, PwdChangeable: True, IsLocal: True
  - Guest (SID: S-1-5-21-3282010388-2975178795-1062935351-501)
    Disabled: True, PwdRequired: False, PwdChangeable: False, IsLocal: True
  - jack (SID: S-1-5-21-3282010388-2975178795-1062935351-1001)
    Disabled: False, PwdRequired: True, PwdChangeable: True, IsLocal: True
  - mia (SID: S-1-5-21-3282010388-2975178795-1062935351-1003)
    Disabled: True, PwdRequired: True, PwdChangeable: True, IsLocal: True
  - test (SID: S-1-5-21-3282010388-2975178795-1062935351-1007)
    Disabled: False, PwdRequired: True, PwdChangeable: True, IsLocal: True
  - WDAGUtilityAccount (SID: S-1-5-21-3282010388-2975178795-1062935351-504)
    Disabled: True, PwdRequired: True, PwdChangeable: True, IsLocal: True

 Local Groups:
  - __vmware__ (SID: S-1-5-21-3282010388-2975178795-1062935351-1006) - VMware User Group
  - Access Control Assistance Operators (SID: S-1-5-32-579) - Members of this group can remotely query authorization attributes and permissions for resources on this computer.
  - Administrators (SID: S-1-5-32-544) - Administrators have complete and unrestricted access to the computer/domain
  - Backup Operators (SID: S-1-5-32-551) - Backup Operators can override security restrictions for the sole purpose of backing up or restoring files
  - Cryptographic Operators (SID: S-1-5-32-569) - Members are authorized to perform cryptographic operations.
  - Device Owners (SID: S-1-5-32-583) - Members of this group can change system-wide settings.
  - Distributed COM Users (SID: S-1-5-32-562) - Members are allowed to launch, activate and use Distributed COM objects on this machine.
  - Event Log Readers (SID: S-1-5-32-573) - Members of this group can read event logs from local machine
  - Guests (SID: S-1-5-32-546) - Guests have the same access as members of the Users group by default, except for the Guest account which is further restricted
  - Hyper-V Administrators (SID: S-1-5-32-578) - Members of this group have complete and unrestricted access to all features of Hyper-V.
  - IIS_IUSRS (SID: S-1-5-32-568) - Built-in group used by Internet Information Services.
  - Network Configuration Operators (SID: S-1-5-32-556) - Members in this group can have some administrative privileges to manage configuration of networking features
  - Performance Log Users (SID: S-1-5-32-559) - Members of this group may schedule logging of performance counters, enable trace providers, and collect event traces both locally and via remote access to this computer
  - Performance Monitor Users (SID: S-1-5-32-558) - Members of this group can access performance counter data locally and remotely
  - Power Users (SID: S-1-5-32-547) - Power Users are included for backwards compatibility and possess limited administrative powers
  - Remote Desktop Users (SID: S-1-5-32-555) - Members in this group are granted the right to logon remotely
  - Remote Management Users (SID: S-1-5-32-580) - Members of this group can access WMI resources over management protocols (such as WS-Management via the Windows Remote Management service). This applies only to WMI namespaces that grant access to the user.
  - Replicator (SID: S-1-5-32-552) - Supports file replication in a domain
  - System Managed Accounts Group (SID: S-1-5-32-581) - Members of this group are managed by the system.
  - Users (SID: S-1-5-32-545) - Users are prevented from making accidental or intentional system-wide changes and can run most applications

 Network Shares:
  - ADMIN$ -> C:\Windows (Remote Admin, Type: 2147483648)
  - C$ -> C:\ (Default share, Type: 2147483648)
  - IPC$ -> N/A (Remote IPC, Type: 2147483651)

----------------------------------------
--- Performance Snapshot ---
----------------------------------------
[CRITICAL ERROR collecting Performance Snapshot: No process is associated with this object.]
 Performance Counters (Snapshot/Sampled):
  Overall CPU Usage: 1.24 %
  Available Memory: 8059 MB
  Avg. Disk Queue Length (Total): 0

 Top Processes by Memory (Working Set):
  Data unavailable due to section error: No process is associated with this object.

 Top Processes by Total CPU Time (Snapshot):
  Data unavailable due to section error: No process is associated with this object.

----------------------------------------
--- Network Information ---
----------------------------------------
[Network Information - Collection Warnings/Errors]:
  - DriverDate-VMware Network Adapter VMnet1: Info: Driver date lookup not implemented.
  - DriverDate-VMware Network Adapter VMnet8: Info: Driver date lookup not implemented.
  - DriverDate-Wi-Fi: Info: Driver date lookup not implemented.

 Network Adapters:

  Wi-Fi (MediaTek Wi-Fi 6 MT7921 Wireless LAN Card)
    Status: Up, Type: Wireless80211, Speed: 866 Mbps, MAC: EC2E98857407
    ID: {74F775D4-577E-4E1F-8B64-952B05C7304D}, Index: 11
    IP Addresses: fe80::d6b:472a:505c:1714%11, 192.168.1.153
    Gateways: 192.168.1.1
    DNS Servers: fe80::1213:31ff:fecd:6de2%11, 192.168.1.1, fe80::1213:31ff:fecd:6de2%11
    DNS Suffix: lan
    WINS Servers: N/A
    DHCP Enabled: True (Lease Obtained: 2025-04-15 18:01:11, Expires: 2025-04-16 18:01:11)
    WMI Service Name: mtkwlex
    Driver Date: N/A

  Local Area Connection* 9 (Microsoft Wi-Fi Direct Virtual Adapter)
    Status: Down, Type: Wireless80211, Speed: 0 Mbps, MAC: EE2E98857427
    ID: {82C8FF36-4E82-4A9B-820B-4B5768515863}, Index: N/A
    IP Addresses: N/A
    Gateways: N/A
    DNS Servers: N/A
    DNS Suffix: N/A
    WINS Servers: N/A
    DHCP Enabled: False (Lease Obtained: N/A, Expires: N/A)
    WMI Service Name: N/A
    Driver Date: N/A

  Local Area Connection* 10 (Microsoft Wi-Fi Direct Virtual Adapter #2)
    Status: Down, Type: Wireless80211, Speed: 0 Mbps, MAC: EE2E98857437
    ID: {4FF6F21C-D31F-4622-9C17-9EA0FC5EEA41}, Index: N/A
    IP Addresses: N/A
    Gateways: N/A
    DNS Servers: N/A
    DNS Suffix: N/A
    WINS Servers: N/A
    DHCP Enabled: False (Lease Obtained: N/A, Expires: N/A)
    WMI Service Name: N/A
    Driver Date: N/A

  OpenVPN Data Channel Offload for NordVPN (OpenVPN Data Channel Offload)
    Status: Down, Type: 53, Speed: 1000 Mbps, MAC: 
    ID: {04F5DBBD-5923-4CCC-991E-26531477E98B}, Index: N/A
    IP Addresses: N/A
    Gateways: N/A
    DNS Servers: N/A
    DNS Suffix: N/A
    WINS Servers: N/A
    DHCP Enabled: False (Lease Obtained: N/A, Expires: N/A)
    WMI Service Name: N/A
    Driver Date: N/A

  Ethernet (Realtek PCIe GbE Family Controller)
    Status: Down, Type: Ethernet, Speed: 0 Mbps, MAC: 50EBF631BF45
    ID: {1918DFDD-6B50-46B9-B944-0DE4D5345D7D}, Index: N/A
    IP Addresses: N/A
    Gateways: N/A
    DNS Servers: N/A
    DNS Suffix: N/A
    WINS Servers: N/A
    DHCP Enabled: False (Lease Obtained: N/A, Expires: N/A)
    WMI Service Name: N/A
    Driver Date: N/A

  Loopback Pseudo-Interface 1 (Software Loopback Interface 1)
    Status: Up, Type: Loopback, Speed: 1073 Mbps, MAC: 
    ID: {06B64901-7CB1-11EF-8850-806E6F6E6963}, Index: 1
    IP Addresses: ::1, 127.0.0.1
    Gateways: N/A
    DNS Servers: fec0:0:0:ffff::1, fec0:0:0:ffff::2, fec0:0:0:ffff::3
    DNS Suffix: 
    WINS Servers: N/A
    DHCP Enabled: False (Lease Obtained: N/A, Expires: N/A)
    WMI Service Name: N/A
    Driver Date: N/A

  Tailscale (Tailscale Tunnel)
    Status: Up, Type: 53, Speed: 100000 Mbps, MAC: 
    ID: {37217669-42DA-4657-A55B-0D995D328250}, Index: 60
    IP Addresses: fd7a:115c:a1e0::1d01:b352, fe80::d8ff:5060:f230:9168%60, 100.95.179.81
    Gateways: N/A
    DNS Servers: fec0:0:0:ffff::1, fec0:0:0:ffff::2, fec0:0:0:ffff::3
    DNS Suffix: rove-crocodile.ts.net
    WINS Servers: N/A
    DHCP Enabled: False (Lease Obtained: N/A, Expires: N/A)
    WMI Service Name: N/A
    Driver Date: N/A

  Local Area Connection 2 (TAP-NordVPN Windows Adapter V9)
    Status: Down, Type: 53, Speed: 1000 Mbps, MAC: 00FFF45BEF85
    ID: {F45BEF85-F0E3-42C9-87E9-9CD43B1C2D23}, Index: N/A
    IP Addresses: N/A
    Gateways: N/A
    DNS Servers: N/A
    DNS Suffix: N/A
    WINS Servers: N/A
    DHCP Enabled: False (Lease Obtained: N/A, Expires: N/A)
    WMI Service Name: N/A
    Driver Date: N/A

  VMware Network Adapter VMnet1 (VMware Virtual Ethernet Adapter for VMnet1)
    Status: Up, Type: Ethernet, Speed: 100 Mbps, MAC: 005056C00001
    ID: {67E32BE5-9182-413F-81E1-B930FFE85E51}, Index: 9
    IP Addresses: fe80::536b:275c:8d8c:71dd%9, 192.168.64.1
    Gateways: N/A
    DNS Servers: fec0:0:0:ffff::1, fec0:0:0:ffff::2, fec0:0:0:ffff::3
    DNS Suffix: 
    WINS Servers: N/A
    DHCP Enabled: True (Lease Obtained: 2025-04-15 23:42:13, Expires: 2025-04-16 00:12:13)
    WMI Service Name: VMnetAdapter
    Driver Date: N/A

  VMware Network Adapter VMnet8 (VMware Virtual Ethernet Adapter for VMnet8)
    Status: Up, Type: Ethernet, Speed: 100 Mbps, MAC: 005056C00008
    ID: {278E25F3-78AB-478A-B419-6D35544F9B9E}, Index: 5
    IP Addresses: fe80::ee08:35eb:6c0c:26c2%5, 192.168.89.1
    Gateways: N/A
    DNS Servers: fec0:0:0:ffff::1, fec0:0:0:ffff::2, fec0:0:0:ffff::3
    DNS Suffix: 
    WINS Servers: 192.168.89.2
    DHCP Enabled: True (Lease Obtained: 2025-04-15 23:42:13, Expires: 2025-04-16 00:12:13)
    WMI Service Name: VMnetAdapter
    Driver Date: N/A

 Active TCP Listeners:
  Local Address:Port       PID    Process Name
  ------------------------ ------ ------------------------------
  0.0.0.0:135              -      N/A (Lookup Not Implemented)
  :::135                   -      N/A (Lookup Not Implemented)
  100.95.179.81:139        -      N/A (Lookup Not Implemented)
  192.168.1.153:139        -      N/A (Lookup Not Implemented)
  192.168.64.1:139         -      N/A (Lookup Not Implemented)
  192.168.89.1:139         -      N/A (Lookup Not Implemented)
  0.0.0.0:445              -      N/A (Lookup Not Implemented)
  :::445                   -      N/A (Lookup Not Implemented)
  127.0.0.1:817            -      N/A (Lookup Not Implemented)
  0.0.0.0:902              -      N/A (Lookup Not Implemented)
  0.0.0.0:912              -      N/A (Lookup Not Implemented)
  0.0.0.0:2869             -      N/A (Lookup Not Implemented)
  :::2869                  -      N/A (Lookup Not Implemented)
  0.0.0.0:5040             -      N/A (Lookup Not Implemented)
  0.0.0.0:5357             -      N/A (Lookup Not Implemented)
  :::5357                  -      N/A (Lookup Not Implemented)
  0.0.0.0:7680             -      N/A (Lookup Not Implemented)
  :::7680                  -      N/A (Lookup Not Implemented)
  127.0.0.1:7778           -      N/A (Lookup Not Implemented)
  127.0.0.1:24830          -      N/A (Lookup Not Implemented)
  127.0.0.1:27017          -      N/A (Lookup Not Implemented)
  100.95.179.81:44166      -      N/A (Lookup Not Implemented)
  127.0.0.1:48913          -      N/A (Lookup Not Implemented)
  0.0.0.0:49664            -      N/A (Lookup Not Implemented)
  :::49664                 -      N/A (Lookup Not Implemented)
  0.0.0.0:49665            -      N/A (Lookup Not Implemented)
  :::49665                 -      N/A (Lookup Not Implemented)
  0.0.0.0:49666            -      N/A (Lookup Not Implemented)
  :::49666                 -      N/A (Lookup Not Implemented)
  0.0.0.0:49667            -      N/A (Lookup Not Implemented)
  :::49667                 -      N/A (Lookup Not Implemented)
  0.0.0.0:49668            -      N/A (Lookup Not Implemented)
  :::49668                 -      N/A (Lookup Not Implemented)
  0.0.0.0:49673            -      N/A (Lookup Not Implemented)
  :::49673                 -      N/A (Lookup Not Implemented)
  127.0.0.1:50923          -      N/A (Lookup Not Implemented)
  fd7a:115c:a1e0::1d01:b352:65158 -      N/A (Lookup Not Implemented)

 Active UDP Listeners:
  Local Address:Port       PID    Process Name
  ------------------------ ------ ------------------------------
  0.0.0.0:53               -      N/A (Lookup Not Implemented)
  :::53                    -      N/A (Lookup Not Implemented)
  100.95.179.81:137        -      N/A (Lookup Not Implemented)
  192.168.1.153:137        -      N/A (Lookup Not Implemented)
  192.168.64.1:137         -      N/A (Lookup Not Implemented)
  192.168.89.1:137         -      N/A (Lookup Not Implemented)
  100.95.179.81:138        -      N/A (Lookup Not Implemented)
  192.168.1.153:138        -      N/A (Lookup Not Implemented)
  192.168.64.1:138         -      N/A (Lookup Not Implemented)
  192.168.89.1:138         -      N/A (Lookup Not Implemented)
  0.0.0.0:500              -      N/A (Lookup Not Implemented)
  :::500                   -      N/A (Lookup Not Implemented)
  100.95.179.81:1900       -      N/A (Lookup Not Implemented)
  127.0.0.1:1900           -      N/A (Lookup Not Implemented)
  192.168.1.153:1900       -      N/A (Lookup Not Implemented)
  192.168.64.1:1900        -      N/A (Lookup Not Implemented)
  192.168.89.1:1900        -      N/A (Lookup Not Implemented)
  ::1:1900                 -      N/A (Lookup Not Implemented)
  fe80::d6b:472a:505c:1714%11:1900 -      N/A (Lookup Not Implemented)
  fe80::536b:275c:8d8c:71dd%9:1900 -      N/A (Lookup Not Implemented)
  fe80::d8ff:5060:f230:9168%60:1900 -      N/A (Lookup Not Implemented)
  fe80::ee08:35eb:6c0c:26c2%5:1900 -      N/A (Lookup Not Implemented)
  0.0.0.0:3702             -      N/A (Lookup Not Implemented)
  0.0.0.0:3702             -      N/A (Lookup Not Implemented)
  0.0.0.0:3702             -      N/A (Lookup Not Implemented)
  0.0.0.0:3702             -      N/A (Lookup Not Implemented)
  :::3702                  -      N/A (Lookup Not Implemented)
  :::3702                  -      N/A (Lookup Not Implemented)
  :::3702                  -      N/A (Lookup Not Implemented)
  :::3702                  -      N/A (Lookup Not Implemented)
  0.0.0.0:4500             -      N/A (Lookup Not Implemented)
  :::4500                  -      N/A (Lookup Not Implemented)
  0.0.0.0:5050             -      N/A (Lookup Not Implemented)
  0.0.0.0:5353             -      N/A (Lookup Not Implemented)
  0.0.0.0:5353             -      N/A (Lookup Not Implemented)
  0.0.0.0:5353             -      N/A (Lookup Not Implemented)
  0.0.0.0:5353             -      N/A (Lookup Not Implemented)
  0.0.0.0:5353             -      N/A (Lookup Not Implemented)
  0.0.0.0:5353             -      N/A (Lookup Not Implemented)
  0.0.0.0:5353             -      N/A (Lookup Not Implemented)
  0.0.0.0:5353             -      N/A (Lookup Not Implemented)
  0.0.0.0:5353             -      N/A (Lookup Not Implemented)
  0.0.0.0:5353             -      N/A (Lookup Not Implemented)
  :::5353                  -      N/A (Lookup Not Implemented)
  :::5353                  -      N/A (Lookup Not Implemented)
  :::5353                  -      N/A (Lookup Not Implemented)
  :::5353                  -      N/A (Lookup Not Implemented)
  :::5353                  -      N/A (Lookup Not Implemented)
  0.0.0.0:5355             -      N/A (Lookup Not Implemented)
  :::5355                  -      N/A (Lookup Not Implemented)
  0.0.0.0:41641            -      N/A (Lookup Not Implemented)
  :::41641                 -      N/A (Lookup Not Implemented)
  fe80::d8ff:5060:f230:9168%60:50322 -      N/A (Lookup Not Implemented)
  fe80::536b:275c:8d8c:71dd%9:50323 -      N/A (Lookup Not Implemented)
  fe80::ee08:35eb:6c0c:26c2%5:50324 -      N/A (Lookup Not Implemented)
  fe80::d6b:472a:505c:1714%11:50325 -      N/A (Lookup Not Implemented)
  ::1:50326                -      N/A (Lookup Not Implemented)
  100.95.179.81:50327      -      N/A (Lookup Not Implemented)
  192.168.64.1:50328       -      N/A (Lookup Not Implemented)
  192.168.89.1:50329       -      N/A (Lookup Not Implemented)
  192.168.1.153:50330      -      N/A (Lookup Not Implemented)
  127.0.0.1:50331          -      N/A (Lookup Not Implemented)
  0.0.0.0:52600            -      N/A (Lookup Not Implemented)
  0.0.0.0:53302            -      N/A (Lookup Not Implemented)
  :::53303                 -      N/A (Lookup Not Implemented)
  0.0.0.0:53304            -      N/A (Lookup Not Implemented)
  :::53305                 -      N/A (Lookup Not Implemented)
  0.0.0.0:58166            -      N/A (Lookup Not Implemented)
  127.0.0.1:59467          -      N/A (Lookup Not Implemented)
  0.0.0.0:61271            -      N/A (Lookup Not Implemented)
  :::61272                 -      N/A (Lookup Not Implemented)
  127.0.0.1:61867          -      N/A (Lookup Not Implemented)

 Active TCP Connections:
  Local Address:Port       Remote Address:Port      State           PID    Process Name
  ------------------------ ------------------------ --------------- ------ ------------------------------
  192.168.1.153:34998      54.161.152.147:443       Established     -      N/A (Lookup Not Implemented)
  192.168.1.153:35046      43.245.48.220:443        Established     -      N/A (Lookup Not Implemented)
  192.168.1.153:38140      1.1.1.2:853              Established     -      N/A (Lookup Not Implemented)
  192.168.1.153:47801      3.74.105.242:443         Established     -      N/A (Lookup Not Implemented)
  192.168.1.153:47808      192.168.1.28:445         Established     -      N/A (Lookup Not Implemented)
  192.168.1.153:49280      74.125.130.188:5228      Established     -      N/A (Lookup Not Implemented)
  192.168.1.153:49292      192.168.1.252:8009       Established     -      N/A (Lookup Not Implemented)
  192.168.1.153:49293      192.168.1.144:8009       Established     -      N/A (Lookup Not Implemented)
  192.168.1.153:49294      192.168.1.131:8009       Established     -      N/A (Lookup Not Implemented)
  192.168.1.153:49295      192.168.1.16:8009        Established     -      N/A (Lookup Not Implemented)
  192.168.1.153:49296      192.168.1.69:8009        Established     -      N/A (Lookup Not Implemented)
  192.168.1.153:49408      172.172.255.218:443      Established     -      N/A (Lookup Not Implemented)
  192.168.1.153:53991      52.98.143.162:443        Established     -      N/A (Lookup Not Implemented)
  192.168.1.153:54542      23.46.10.43:443          Established     -      N/A (Lookup Not Implemented)
  192.168.1.153:54856      140.82.113.26:443        Established     -      N/A (Lookup Not Implemented)
  192.168.1.153:55087      192.168.1.101:9080       Established     -      N/A (Lookup Not Implemented)
  192.168.1.153:55218      192.168.1.69:9080        Established     -      N/A (Lookup Not Implemented)
  192.168.1.153:55235      52.182.143.211:443       Established     -      N/A (Lookup Not Implemented)
  192.168.1.153:55236      13.107.246.31:443        Established     -      N/A (Lookup Not Implemented)
  192.168.1.153:55324      52.123.128.14:443        Established     -      N/A (Lookup Not Implemented)
  192.168.1.153:48075      23.219.86.56:443         CloseWait       -      N/A (Lookup Not Implemented)
  192.168.1.153:53990      23.32.5.33:443           CloseWait       -      N/A (Lookup Not Implemented)
  192.168.1.153:36598      1.1.1.2:853              TimeWait        -      N/A (Lookup Not Implemented)

 Connectivity Tests:
  Ping Test (192.168.1.1 [192.168.1.1]): Status = Success (1 ms)
  Ping Test (8.8.8.8 [8.8.8.8]): Status = Success (23 ms)
  Ping Test (1.1.1.1 [1.1.1.1]): Status = Success (10 ms)
  DNS Resolution Test (www.cloudflare.com): Success = True (39 ms) -> IPs: 104.16.123.96, 104.16.124.96

----------------------------------------
--- Recent Event Logs ---
----------------------------------------

 System Event Log (Recent Errors/Warnings):
  - 2025-04-15 23:11:29 [Warning] DCOM (ID:10016)
      Message: The description for Event ID '10016' in Source 'DCOM' cannot be found.  The local computer may not have the necessary registry information or messa...
  - 2025-04-15 23:11:29 [Warning] DCOM (ID:10016)
      Message: The description for Event ID '10016' in Source 'DCOM' cannot be found.  The local computer may not have the necessary registry information or messa...
  - 2025-04-15 23:08:53 [Warning] DCOM (ID:10016)
      Message: The description for Event ID '10016' in Source 'DCOM' cannot be found.  The local computer may not have the necessary registry information or messa...
  - 2025-04-15 23:08:49 [Warning] DCOM (ID:10016)
      Message: The description for Event ID '10016' in Source 'DCOM' cannot be found.  The local computer may not have the necessary registry information or messa...
  - 2025-04-15 23:08:47 [Warning] DCOM (ID:10016)
      Message: The description for Event ID '10016' in Source 'DCOM' cannot be found.  The local computer may not have the necessary registry information or messa...
  - 2025-04-15 23:08:43 [Warning] DCOM (ID:10016)
      Message: The description for Event ID '10016' in Source 'DCOM' cannot be found.  The local computer may not have the necessary registry information or messa...
  - 2025-04-15 22:59:29 [Warning] DCOM (ID:10016)
      Message: The description for Event ID '10016' in Source 'DCOM' cannot be found.  The local computer may not have the necessary registry information or messa...
  - 2025-04-15 22:57:47 [Warning] DCOM (ID:10016)
      Message: The description for Event ID '10016' in Source 'DCOM' cannot be found.  The local computer may not have the necessary registry information or messa...
  - 2025-04-15 22:55:58 [Warning] DCOM (ID:10016)
      Message: The description for Event ID '10016' in Source 'DCOM' cannot be found.  The local computer may not have the necessary registry information or messa...
  - 2025-04-15 22:55:50 [Warning] DCOM (ID:10016)
      Message: The description for Event ID '10016' in Source 'DCOM' cannot be found.  The local computer may not have the necessary registry information or messa...
  - 2025-04-15 22:53:56 [Warning] DCOM (ID:10016)
      Message: The description for Event ID '10016' in Source 'DCOM' cannot be found.  The local computer may not have the necessary registry information or messa...
  - 2025-04-15 22:53:03 [Warning] DCOM (ID:10016)
      Message: The description for Event ID '10016' in Source 'DCOM' cannot be found.  The local computer may not have the necessary registry information or messa...
  - 2025-04-15 22:46:54 [Warning] DCOM (ID:10016)
      Message: The description for Event ID '10016' in Source 'DCOM' cannot be found.  The local computer may not have the necessary registry information or messa...
  - 2025-04-15 22:46:50 [Warning] DCOM (ID:10016)
      Message: The description for Event ID '10016' in Source 'DCOM' cannot be found.  The local computer may not have the necessary registry information or messa...
  - 2025-04-15 22:46:40 [Warning] DCOM (ID:10016)
      Message: The description for Event ID '10016' in Source 'DCOM' cannot be found.  The local computer may not have the necessary registry information or messa...
  - 2025-04-15 22:44:07 [Warning] DCOM (ID:10016)
      Message: The description for Event ID '10016' in Source 'DCOM' cannot be found.  The local computer may not have the necessary registry information or messa...
  - 2025-04-15 22:43:05 [Warning] DCOM (ID:10016)
      Message: The description for Event ID '10016' in Source 'DCOM' cannot be found.  The local computer may not have the necessary registry information or messa...
  - 2025-04-15 22:33:38 [Warning] DCOM (ID:10016)
      Message: The description for Event ID '10016' in Source 'DCOM' cannot be found.  The local computer may not have the necessary registry information or messa...
  - 2025-04-15 22:33:34 [Warning] DCOM (ID:10016)
      Message: The description for Event ID '10016' in Source 'DCOM' cannot be found.  The local computer may not have the necessary registry information or messa...
  - 2025-04-15 12:50:50 [Error] Microsoft-Windows-WindowsUpdateClient (ID:20)
      Message: Installation Failure: Windows failed to install the following update with error 0x80240017: Security Intelligence Update for Microsoft Defender Ant...


 Application Event Log (Recent Errors/Warnings):
  - 2025-04-15 23:08:29 [Warning] Microsoft-Windows-PerfProc (ID:2002)
      Message: Unable to open the job object \BaseNamedObjects\WmiProviderSubSystemHostJob for query access. The calling process may not have permission to open t...
  - 2025-04-15 06:00:38 [Error] CertEnroll (ID:3260678230)
      Message: The description for Event ID '-1034289066' in Source 'CertEnroll' cannot be found.  The local computer may not have the necessary registry informat...
  - 2025-04-15 06:00:35 [Warning] vmauthd (ID:1000)
      Message: SSLConfigLoad: Failed to load OpenSSL config file.
  - 2025-04-15 06:00:09 [Error] VSS (ID:8193)
      Message: Volume Shadow Copy Service error: Unexpected error calling routine CoCreateInstance.  hr = 0x8007045b, A system shutdown is in progress. .
  - 2025-04-15 06:00:09 [Error] VSS (ID:13)
      Message: Volume Shadow Copy Service information: The COM Server with CLSID {4e14fba2-2e22-11d1-9964-00c04fbbb345} and name CEventSystem cannot be started. [...
  - 2025-04-15 06:00:09 [Error] VSS (ID:8193)
      Message: Volume Shadow Copy Service error: Unexpected error calling routine CoCreateInstance.  hr = 0x8007045b, A system shutdown is in progress. .
  - 2025-04-15 06:00:09 [Error] VSS (ID:13)
      Message: Volume Shadow Copy Service information: The COM Server with CLSID {4e14fba2-2e22-11d1-9964-00c04fbbb345} and name CEventSystem cannot be started. [...
  - 2025-04-14 22:43:55 [Warning] Microsoft-Windows-PerfProc (ID:2002)
      Message: Unable to open the job object \BaseNamedObjects\WmiProviderSubSystemHostJob for query access. The calling process may not have permission to open t...
  - 2025-04-14 22:36:53 [Warning] Microsoft-Windows-PerfProc (ID:2002)
      Message: Unable to open the job object \BaseNamedObjects\WmiProviderSubSystemHostJob for query access. The calling process may not have permission to open t...
  - 2025-04-14 22:35:18 [Warning] Microsoft-Windows-Perflib (ID:1008)
      Message: The Open procedure for service "WmiApRpl" in DLL "C:\Windows\system32\wbem\wmiaprpl.dll" failed with error code 21. Performance data for this servi...
  - 2025-04-14 22:35:17 [Warning] Microsoft-Windows-PerfProc (ID:2002)
      Message: Unable to open the job object \BaseNamedObjects\WmiProviderSubSystemHostJob for query access. The calling process may not have permission to open t...
  - 2025-04-14 22:35:17 [Error] Microsoft-Windows-PerfNet (ID:2004)
      Message: Unable to open the Server service performance object. The first four bytes (DWORD) of the Data section contains the status code.
  - 2025-04-14 22:35:17 [Warning] Microsoft-Windows-Perflib (ID:1008)
      Message: The Open procedure for service "MSDTC" in DLL "C:\Windows\system32\msdtcuiu.DLL" failed with error code 2147942402. Performance data for this servi...
  - 2025-04-14 22:35:17 [Warning] Microsoft-Windows-Perflib (ID:1008)
      Message: The Open procedure for service "Lsa" in DLL "C:\Windows\System32\Secur32.dll" failed with error code 5. Performance data for this service will not ...
  - 2025-04-14 20:07:11 [Error] Application Hang (ID:1002)
      Message: The program python.exe version 3.13.3150.1013 stopped interacting with Windows and was closed. To see if more information about the problem is avai...
  - 2025-04-14 06:01:57 [Error] CertEnroll (ID:3260678230)
      Message: The description for Event ID '-1034289066' in Source 'CertEnroll' cannot be found.  The local computer may not have the necessary registry informat...
  - 2025-04-14 06:01:42 [Warning] vmauthd (ID:1000)
      Message: SSLConfigLoad: Failed to load OpenSSL config file.
  - 2025-04-14 06:01:15 [Error] VSS (ID:8193)
      Message: Volume Shadow Copy Service error: Unexpected error calling routine CoCreateInstance.  hr = 0x8007045b, A system shutdown is in progress. .
  - 2025-04-14 06:01:15 [Error] VSS (ID:13)
      Message: Volume Shadow Copy Service information: The COM Server with CLSID {4e14fba2-2e22-11d1-9964-00c04fbbb345} and name CEventSystem cannot be started. [...
  - 2025-04-13 18:58:58 [Warning] Microsoft-Windows-RestartManager (ID:10010)
      Message: Application 'C:\Program Files\NVIDIA Corporation\NvContainer\nvcontainer.exe' (pid 9964) cannot be restarted - 1.

----------------------------------------
--- Analysis Summary ---
----------------------------------------

>>> Potential Issues Found:
  - [ISSUE] Found 20 recent Error/Warning events in System log. Review logs using Event Viewer for specific critical errors.


>>> Suggestions:
  - [SUGGESTION] Service 'Google Updater Internal Service (GoogleUpdaterInternalService137.0.7115.0)' (GoogleUpdaterInternalService137.0.7115.0) is set to Auto start but is currently Stopped. Investigate if this service should be running.
  - [SUGGESTION] Service 'Google Updater Service (GoogleUpdaterService137.0.7115.0)' (GoogleUpdaterService137.0.7115.0) is set to Auto start but is currently Stopped. Investigate if this service should be running.
  - [SUGGESTION] Service 'Windows Update' (wuauserv) is set to Auto start but is currently Stopped. Investigate if this service should be running.
  - [SUGGESTION] Antivirus 'Windows Defender' definitions may be out of date. Update antivirus software.
  - [SUGGESTION] Found 20 recent Error/Warning events in Application log. Review logs for details if applications are misbehaving.
  - [SUGGESTION] Graphics driver for 'AMD Radeon(TM) Graphics' appears old (Date: 2021-01-07). Consider updating from the manufacturer's website (NVIDIA/AMD/Intel).
  - [SUGGESTION] Run System File Checker: Open Command Prompt or PowerShell as Admin and type 'sfc /scannow'.
  - [SUGGESTION] Check for and install pending Windows Updates.
  - [SUGGESTION] Perform a full system scan for malware using a reputable security tool.


>>> Informational Notes:
  - [INFO] SMART status query failed for Disk #0 (HFM512GD3JX013N). Error: Error enumerating WMI results: Invalid query  (Code: InvalidQuery). Basic Status: OK.
  - [INFO] SMART status query failed for Disk #1 (USB DISK 2.0 USB Device). Error: Error enumerating WMI results: Invalid query  (Code: InvalidQuery). Basic Status: OK.
  - [INFO] BitLocker status for Volume N/A indicates it may not be encryptable or BitLocker is not installed/configured.
  - [INFO] Non-Microsoft service 'Adobe Acrobat Update Service' (AdobeARMservice) is running from path: C:\Program Files (x86)\Common Files\Adobe\ARM\1.0\armsvc.exe
  - [INFO] Non-Microsoft service 'MongoDB Server (MongoDB)' (MongoDB) is running from path: C:\Program Files\MongoDB\Server\8.0\bin\mongod.exe" --config "C:\Program Files\MongoDB\Server\8.0\bin\mongod.cfg" --service
  - [INFO] Non-Microsoft service 'NordSec Update Service' (NordUpdaterService) is running from path: C:\Program Files\NordUpdater\NordUpdateService.exe
  - [INFO] Non-Microsoft service 'NVIDIA LocalSystem Container' (NvContainerLocalSystem) is running from path: C:\Program Files\NVIDIA Corporation\NvContainer\nvcontainer.exe" -s NvContainerLocalSystem -a -f "C:\ProgramData\NVIDIA Corporation\NVIDIA app\NvContainer\NvContainerLocalSystem.log" -l 3 -d "C:\Program Files\NVIDIA Corporation\NvContainer\plugins\LocalSystem" -r -p 30000  -ert
  - [INFO] Non-Microsoft service 'Portmaster Core' (PortmasterCore) is running from path: C:\ProgramData\Safing\Portmaster\portmaster-start.exe core-service --data C:\ProgramData\Safing\Portmaster --input-signals
  - [INFO] Non-Microsoft service 'Tailscale' (Tailscale) is running from path: C:\Program Files\Tailscale\tailscaled.exe
  - [INFO] Non-Microsoft service 'VMware Authorization Service' (VMAuthdService) is running from path: C:\Program Files (x86)\VMware\VMware Player\vmware-authd.exe
  - [INFO] Non-Microsoft service 'VMware USB Arbitration Service' (VMUSBArbService) is running from path: C:\Program Files (x86)\Common Files\VMware\USB\vmware-usbarbitrator64.exe
  - [INFO] Non-Microsoft service 'WinFsp.Launcher' (WinFsp.Launcher) is running from path: C:\Program Files (x86)\WinFsp\SxS\sxs.20240927T103738Z\bin\launcher-x64.exe


--- Analysis Thresholds Used ---
  Memory High/Elevated %: 90/80
  Disk Critical/Low Free %: 5/15
  CPU High/Elevated %: 95/80
  High Disk Queue Length: 5
  Max Sys/App Log Errors (Issue): 15/20
  Driver Age Warning (Years): 2
  Ping/Traceroute Latency Warn (ms): 100/150

