========================================
   Advanced Windows Diagnostic Tool Report
========================================
Generated: 17/04/2025 1:37:58 PM (Local Time) / 2025-04-17 03:37:56Z (UTC)
Ran as Administrator: False
Configuration Source: Defaults
----------------------------------------

========================================
   Advanced Windows Diagnostic Tool Report
========================================
Generated: 17/04/2025 1:37:58 PM (Local Time) / 2025-04-17 03:37:56Z (UTC)
Ran as Administrator: False
Configuration Source: Defaults
----------------------------------------

----------------------------------------
--- System Information ---
----------------------------------------
[System Information - Collection Warnings/Errors]:
  - PowerPlan: Error enumerating WMI results: Invalid class  (Code: InvalidClass)

 Operating System:
  Name: Microsoft Windows 11 Home (64-bit)
  Version: 10.0.26100 (Build: 26100)
  Install Date: 2025-03-29 03:21:31
  Last Boot Time: 2025-04-15 21:08:48
  System Uptime: 1d 16h 29m 7s
  System Drive: C:

 Computer System:
  Manufacturer: Dell Inc.
  Model: Latitude 5310 (x64-based PC)
  Domain/Workgroup: WORKGROUP (PartOfDomain: False)
  Executing User: User
  Logged In User (WMI): DELLNB01\User

 Baseboard (Motherboard):
  Manufacturer: Dell Inc.
  Product: 0D2CKD
  Serial Number: /5JT8663/CNWSC000AG0MXL/
  Version: A00

 BIOS:
  Manufacturer: Dell Inc.
  Version: DELL   - 1072009 / 1.27.0
  Release Date: 2025-02-06
  Serial Number: 5JT8663

 Time Zone:
  Caption: (UTC+10:00) Brisbane
  Bias (UTC Offset Mins): 600

 Active Power Plan: Data unavailable.

 .NET Runtime (Executing): 8.0.15

----------------------------------------
--- Hardware Information ---
----------------------------------------
 Processor(s) (CPU):
  - Name: Intel(R) Core(TM) i5-10210U CPU @ 1.60GHz
    Socket: U3E1, Cores: 4, Logical Processors: 8
    Max Speed: 2112 MHz, L2 Cache: 1 MB, L3 Cache: 6 MB

 Memory (RAM):
  Total Visible: 7.73 GB (8,107,968 KB), Available: 1.1 GB, Used: 6.64 GB (85.82% Used)
  Physical Modules:
    - [DIMM A] 8 GB @ 3200MHz (Unknown / SODIMM) Mfg: 80CE000080CE, Part#: M471A1K43DB1-CWE    , Bank: N/A

 Physical Disks:
  Disk #0: KBG40ZNS256G NVMe KIOXIA 256GB (Fixed hard disk media)
    Interface: SCSI, Size: 238.47 GB (256,052,966,400 Bytes), Partitions: 3, Serial: 0100_0000_0000_0000_8CE3_8E04_0115_9976., Status: OK
    SMART Status: Requires Admin (Error: Requires Admin privileges for WMI SMART query.) (Basic HW Status: OK)

 Logical Disks (Local Fixed):
  C: (N/A) - NTFS
    Size: 237.25 GB (254,743,359,488 Bytes), Free: 178.68 GB (75.3% Free)

 Volumes:
  C: (C:\) - NTFS
    Capacity: 237.25 GB, Free: 178.68 GB
    Device ID: \\?\Volume{444b1024-a2f0-483b-a6a1-cb1e042134b3}\
    BitLocker Status: Requires Admin
  N/A (\\?\Volume{a39d3f9b-ea50-4f1a-80b6-69d167fd9e47}\) - NTFS
    Capacity: 1.11 GB, Free: 85.02 MB
    Device ID: \\?\Volume{a39d3f9b-ea50-4f1a-80b6-69d167fd9e47}\
    BitLocker Status: Requires Admin
  N/A (\\?\Volume{2a3609e8-1aef-4df4-bb64-55d6484c2551}\) - FAT32
    Capacity: 96 MB, Free: 41 MB
    Device ID: \\?\Volume{2a3609e8-1aef-4df4-bb64-55d6484c2551}\
    BitLocker Status: Requires Admin

 Video Controllers (GPU):
  - Name: Intel(R) UHD Graphics (Status: OK)
    VRAM: 1 GB, Video Proc: Intel(R) UHD Graphics Family
    Driver: 31.0.101.2130 (Date: 2024-08-13)
    Current Resolution: 1920x1080 @ 60 Hz

 Monitors:
  - Name: Generic PnP Monitor (ID: DesktopMonitor1)
    Mfg: (Standard monitor types), Res: 0x0, PPI: 144x144

 Audio Devices:
  - Realtek Audio (Product: Realtek Audio, Mfg: Realtek, Status: 3)
  - Intel(R) Display Audio (Product: Intel(R) Display Audio, Mfg: Intel(R) Corporation, Status: 3)

----------------------------------------
--- Software & Configuration ---
----------------------------------------
 Installed Applications:
  Count: 29
  - Dell SupportAssist (Version: 4.6.3.23467, Publisher: Dell Inc., Installed: 2025-03-29)
  - Dell SupportAssist OS Recovery Plugin for Dell Update (Version: 5.5.13.0, Publisher: Dell Inc., Installed: N/A)
  - GitHub Desktop (Version: 3.4.18, Publisher: GitHub, Inc., Installed: 2025-04-16)
  - Google Chrome (Version: 135.0.7049.95, Publisher: Google LLC, Installed: 2025-04-16)
  - Intel(R) Computing Improvement Program (Version: 2.4.10888, Publisher: Intel Corporation, Installed: 2025-03-29)
  - Intel(R) Graphics Software & Drivers (Version: 1.0.1013.0, Publisher: Intel(R) Corporation, Installed: N/A)
  - Intel(R) Management Engine Components (Version: 2435.6.36.0, Publisher: Intel Corporation, Installed: N/A)
  - Intel(R) Wireless Bluetooth(R) (Version: 23.120.0.4, Publisher: Intel Corporation, Installed: 2025-03-29)
  - Intel® Driver & Support Assistant (Version: 25.2.15.9, Publisher: Intel, Installed: 2025-04-13)
  - Microsoft .NET Runtime - 8.0.14 (x64) (Version: 8.0.14.34611, Publisher: Microsoft Corporation, Installed: N/A)
  - Microsoft .NET SDK 8.0.408 (x64) (Version: 8.4.825.16805, Publisher: Microsoft Corporation, Installed: N/A)
  - Microsoft ASP.NET Core 8.0.14 - Shared Framework (x86) (Version: 8.0.14.25112, Publisher: Microsoft Corporation, Installed: N/A)
  - Microsoft Edge (Version: 135.0.3179.73, Publisher: Microsoft Corporation, Installed: 2025-04-13)
  - Microsoft Teams Meeting Add-in for Microsoft Office (Version: 1.25.04401, Publisher: Microsoft, Installed: 2025-04-13)
  - Microsoft Update Health Tools (Version: 3.74.0.0, Publisher: Microsoft Corporation, Installed: 2025-03-29)
  - Microsoft Visual C++ 2015-2022 Redistributable (x64) - 14.32.31332 (Version: 14.32.31332.0, Publisher: Microsoft Corporation, Installed: N/A)
  - Microsoft Visual C++ 2015-2022 Redistributable (x86) - 14.32.31332 (Version: 14.32.31332.0, Publisher: Microsoft Corporation, Installed: N/A)
  - Microsoft Visual Studio Code (User) (Version: 1.99.3, Publisher: Microsoft Corporation, Installed: 2025-04-17)
  - Microsoft Windows Desktop Runtime - 8.0.10 (x64) (Version: 8.0.10.34118, Publisher: Microsoft Corporation, Installed: N/A)
  - Microsoft Windows Desktop Runtime - 8.0.11 (x64) (Version: 8.0.11.34221, Publisher: Microsoft Corporation, Installed: N/A)
  - Microsoft Windows Desktop Runtime - 8.0.14 (x86) (Version: 8.0.14.34613, Publisher: Microsoft Corporation, Installed: N/A)
  - PerformanceTest 11 (Version: 11.1.1004.0, Publisher: Passmark Software, Installed: 2025-03-30)
  - Python 3.13.3 (64-bit) (Version: 3.13.3150.0, Publisher: Python Software Foundation, Installed: N/A)
  - Python Launcher (Version: 3.13.3150.0, Publisher: Python Software Foundation, Installed: 2025-04-13)
  - Realtek Audio Driver (Version: 6.0.9597.1, Publisher: Realtek Semiconductor Corp., Installed: 2025-03-29)
  - Tailscale (Version: 1.82.0, Publisher: Tailscale Inc., Installed: 2025-04-13)
  - Update for x64-based Windows Systems (KB5001716) (Version: 8.94.0.0, Publisher: Microsoft Corporation, Installed: 2025-03-29)
  - Windows 11 Installation Assistant (Version: 1.4.19041.5003, Publisher: Microsoft Corporation, Installed: N/A)
  - Windows PC Health Check (Version: 4.0.2410.23001, Publisher: Microsoft Corporation, Installed: 2025-03-29)

 Installed Windows Updates (Hotfixes):
  - KB5054979 (Update) - Installed: N/A
  - KB5053656 (Update) - Installed: N/A
  - KB5058538 (Security Update) - Installed: N/A

 Relevant Services (Running, Critical, or Non-Microsoft):
  - Application Information (Appinfo)
    State: Running, StartMode: Manual, Status: OK
    Path: C:\WINDOWS\system32\svchost.exe -k netsvcs -p
  - AppX Deployment Service (AppXSVC) (AppXSvc)
    State: Running, StartMode: Manual, Status: OK
    Path: C:\WINDOWS\system32\svchost.exe -k wsappx -p
  - AVCTP service (BthAvctpSvc)
    State: Running, StartMode: Manual, Status: OK
    Path: C:\WINDOWS\system32\svchost.exe -k LocalService -p
  - Background Intelligent Transfer Service (BITS)
    State: Stopped, StartMode: Manual, Status: OK
    Path: C:\WINDOWS\System32\svchost.exe -k netsvcs -p
  - Background Tasks Infrastructure Service (BrokerInfrastructure)
    State: Running, StartMode: Auto, Status: OK
    Path: C:\WINDOWS\system32\svchost.exe -k DcomLaunch -p
  - Base Filtering Engine (BFE)
    State: Running, StartMode: Auto, Status: OK
    Path: C:\WINDOWS\system32\svchost.exe -k LocalServiceNoNetworkFirewall -p
  - Block Level Backup Engine Service (wbengine)
    State: Stopped, StartMode: Manual, Status: OK
    Path: "C:\WINDOWS\system32\wbengine.exe"
  - Bluetooth Audio Gateway Service (BTAGService)
    State: Running, StartMode: Manual, Status: OK
    Path: C:\WINDOWS\system32\svchost.exe -k LocalServiceNetworkRestricted
  - Bluetooth Support Service (bthserv)
    State: Running, StartMode: Manual, Status: OK
    Path: C:\WINDOWS\system32\svchost.exe -k LocalService -p
  - Bluetooth User Support Service_6e65a (BluetoothUserService_6e65a)
    State: Running, StartMode: Manual, Status: OK
    Path: C:\WINDOWS\system32\svchost.exe -k BthAppGroup -p
  - Capability Access Manager Service (camsvc)
    State: Running, StartMode: Manual, Status: OK
    Path: C:\WINDOWS\system32\svchost.exe -k osprivacy -p
  - Clipboard User Service_6e65a (cbdhsvc_6e65a)
    State: Running, StartMode: Auto, Status: OK
    Path: C:\WINDOWS\system32\svchost.exe -k ClipboardSvcGroup -p
  - CNG Key Isolation (KeyIso)
    State: Running, StartMode: Manual, Status: OK
    Path: C:\WINDOWS\system32\lsass.exe
  - COM+ Event System (EventSystem)
    State: Running, StartMode: Auto, Status: OK
    Path: C:\WINDOWS\system32\svchost.exe -k LocalService -p
  - Computer Browser (Browser)
    State: Running, StartMode: Manual, Status: OK
    Path: C:\WINDOWS\System32\svchost.exe -k netsvcs -p
  - Connected Devices Platform Service (CDPSvc)
    State: Running, StartMode: Auto, Status: OK
    Path: C:\WINDOWS\system32\svchost.exe -k LocalService -p
  - Connected Devices Platform User Service_6e65a (CDPUserSvc_6e65a)
    State: Running, StartMode: Auto, Status: OK
    Path: C:\WINDOWS\system32\svchost.exe -k UnistackSvcGroup
  - Connected User Experiences and Telemetry (DiagTrack)
    State: Running, StartMode: Auto, Status: OK
    Path: C:\WINDOWS\System32\svchost.exe -k utcsvc -p
  - CoreMessaging (CoreMessagingRegistrar)
    State: Running, StartMode: Auto, Status: OK
    Path: C:\WINDOWS\system32\svchost.exe -k LocalServiceNoNetwork -p
  - Credential Manager (VaultSvc)
    State: Running, StartMode: Manual, Status: OK
    Path: C:\WINDOWS\system32\lsass.exe
  - Cryptographic Services (CryptSvc)
    State: Running, StartMode: Auto, Status: OK
    Path: C:\WINDOWS\system32\svchost.exe -k NetworkService -p
  - Data Usage (DusmSvc)
    State: Running, StartMode: Auto, Status: OK
    Path: C:\WINDOWS\System32\svchost.exe -k LocalServiceNetworkRestricted -p -s DusmSvc
  - DCOM Server Process Launcher (DcomLaunch)
    State: Running, StartMode: Auto, Status: OK
    Path: C:\WINDOWS\system32\svchost.exe -k DcomLaunch -p
  - Delivery Optimization (DoSvc)
    State: Running, StartMode: Auto, Status: OK
    Path: C:\WINDOWS\System32\svchost.exe -k NetworkService -p
  - Dell Client Management Service (DellClientManagementService)
    State: Stopped, StartMode: Disabled, Status: OK
    Path: "C:\Program Files (x86)\Dell\UpdateService\ServiceShell.exe"
  - Dell Data Vault Collector (DDVDataCollector)
    State: Running, StartMode: Auto, Status: OK
    Path: "C:\Program Files\Dell\DellDataVault\DDVDataCollector.exe"
  - Dell Data Vault Processor (DDVRulesProcessor)
    State: Running, StartMode: Auto, Status: OK
    Path: "C:\Program Files\Dell\DellDataVault\DDVRulesProcessor.exe"
  - Dell Data Vault Service API (DDVCollectorSvcApi)
    State: Running, StartMode: Auto, Status: OK
    Path: "C:\Program Files\Dell\DellDataVault\DDVCollectorSvcApi.exe"
  - Dell SupportAssist (SupportAssistAgent)
    State: Running, StartMode: Auto, Status: OK
    Path: "C:\Program Files\Dell\SupportAssistAgent\bin\SupportAssistAgent.exe"
  - Dell TechHub (DellTechHub)
    State: Running, StartMode: Auto, Status: OK
    Path: "C:\Program Files\Dell\TechHub\Dell.TechHub.exe"
  - Device Association Service (DeviceAssociationService)
    State: Running, StartMode: Manual, Status: OK
    Path: C:\WINDOWS\system32\svchost.exe -k LocalSystemNetworkRestricted -p
  - Device Install Service (DeviceInstall)
    State: Running, StartMode: Manual, Status: OK
    Path: C:\WINDOWS\system32\svchost.exe -k DcomLaunch -p
  - DevicesFlow_6e65a (DevicesFlowUserSvc_6e65a)
    State: Running, StartMode: Manual, Status: OK
    Path: C:\WINDOWS\system32\svchost.exe -k DevicesFlow
  - DevQuery Background Discovery Broker (DevQueryBroker)
    State: Running, StartMode: Manual, Status: OK
    Path: C:\WINDOWS\system32\svchost.exe -k LocalSystemNetworkRestricted -p
  - DHCP Client (Dhcp)
    State: Running, StartMode: Auto, Status: OK
    Path: C:\WINDOWS\system32\svchost.exe -k LocalServiceNetworkRestricted -p
  - Diagnostic Policy Service (DPS)
    State: Running, StartMode: Auto, Status: OK
    Path: C:\WINDOWS\System32\svchost.exe -k LocalServiceNoNetwork -p
  - Diagnostic System Host (WdiSystemHost)
    State: Running, StartMode: Manual, Status: OK
    Path: C:\WINDOWS\System32\svchost.exe -k LocalSystemNetworkRestricted -p
  - Display Enhancement Service (DisplayEnhancementService)
    State: Running, StartMode: Manual, Status: OK
    Path: C:\WINDOWS\system32\svchost.exe -k LocalSystemNetworkRestricted -p
  - Display Policy Service (DispBrokerDesktopSvc)
    State: Running, StartMode: Auto, Status: OK
    Path: C:\WINDOWS\system32\svchost.exe -k LocalService -p
  - Distributed Link Tracking Client (TrkWks)
    State: Running, StartMode: Auto, Status: OK
    Path: C:\WINDOWS\System32\svchost.exe -k LocalSystemNetworkRestricted -p
  - DNS Client (Dnscache)
    State: Running, StartMode: Auto, Status: OK
    Path: C:\WINDOWS\system32\svchost.exe -k NetworkService -p
  - Energy Server Service queencreek (ESRV_SVC_QUEENCREEK)
    State: Running, StartMode: Auto, Status: OK
    Path: "C:\Program Files\Intel\SUR\QUEENCREEK\x64\esrv_svc.exe" "--AUTO_START" "--start" "--start_options_registry_key" "HKEY_LOCAL_MACHINE\SYSTEM\CurrentControlSet\services\ESRV_SVC_QUEENCREEK\_start"
  - Function Discovery Provider Host (fdPHost)
    State: Running, StartMode: Manual, Status: OK
    Path: C:\WINDOWS\system32\svchost.exe -k LocalService -p
  - Function Discovery Resource Publication (FDResPub)
    State: Running, StartMode: Manual, Status: OK
    Path: C:\WINDOWS\system32\svchost.exe -k LocalServiceAndNoImpersonation -p
  - Gaming Services (GamingServices)
    State: Running, StartMode: Auto, Status: OK
    Path: "C:\Program Files\WindowsApps\Microsoft.GamingServices_27.99.7001.0_x64__8wekyb3d8bbwe\GamingServices.exe"
  - Gaming Services (GamingServicesNet)
    State: Running, StartMode: Auto, Status: OK
    Path: "C:\Program Files\WindowsApps\Microsoft.GamingServices_27.99.7001.0_x64__8wekyb3d8bbwe\GamingServicesNet.exe"
  - Geolocation Service (lfsvc)
    State: Running, StartMode: Manual, Status: OK
    Path: C:\WINDOWS\system32\svchost.exe -k netsvcs -p
  - Google Chrome Elevation Service (GoogleChromeElevationService) (GoogleChromeElevationService)
    State: Stopped, StartMode: Manual, Status: OK
    Path: "C:\Program Files\Google\Chrome\Application\135.0.7049.95\elevation_service.exe"
  - Google Updater Internal Service (GoogleUpdaterInternalService137.0.7115.0) (GoogleUpdaterInternalService137.0.7115.0)
    State: Stopped, StartMode: Auto, Status: OK
    Path: "C:\Program Files (x86)\Google\GoogleUpdater\137.0.7115.0\updater.exe" --system --windows-service --service=update-internal
  - Google Updater Service (GoogleUpdaterService137.0.7115.0) (GoogleUpdaterService137.0.7115.0)
    State: Stopped, StartMode: Auto, Status: OK
    Path: "C:\Program Files (x86)\Google\GoogleUpdater\137.0.7115.0\updater.exe" --system --windows-service --service=update
  - Group Policy Client (gpsvc)
    State: Running, StartMode: Auto, Status: OK
    Path: C:\WINDOWS\system32\svchost.exe -k GPSvcGroup
  - Human Interface Device Service (hidserv)
    State: Running, StartMode: Manual, Status: OK
    Path: C:\WINDOWS\system32\svchost.exe -k LocalSystemNetworkRestricted -p
  - IKE and AuthIP IPsec Keying Modules (IKEEXT)
    State: Running, StartMode: Auto, Status: OK
    Path: C:\WINDOWS\system32\svchost.exe -k netsvcs -p
  - Intel(R) Audio Service (IntelAudioService)
    State: Running, StartMode: Auto, Status: OK
    Path: C:\WINDOWS\System32\DriverStore\FileRepository\intcoed.inf_amd64_581d7e91d349facc\\AS\\IAS\\IntelAudioService.exe
  - Intel(R) Content Protection HDCP Service (cplspcon)
    State: Running, StartMode: Auto, Status: OK
    Path: C:\WINDOWS\System32\DriverStore\FileRepository\iigd_dch.inf_amd64_f9e3dd289189445b\IntelCpHDCPSvc.exe
  - Intel(R) Content Protection HECI Service (cphs)
    State: Running, StartMode: Manual, Status: OK
    Path: C:\WINDOWS\System32\DriverStore\FileRepository\iigd_dch.inf_amd64_f9e3dd289189445b\IntelCpHeciSvc.exe
  - Intel(R) Driver & Support Assistant (DSAService)
    State: Running, StartMode: Auto, Status: OK
    Path: "C:\Program Files (x86)\Intel\Driver and Support Assistant\x86\DSAService.exe"
  - Intel(R) Driver & Support Assistant Updater (DSAUpdateService)
    State: Running, StartMode: Auto, Status: OK
    Path: "C:\Program Files (x86)\Intel\Driver and Support Assistant\x86\DSAUpdateService.exe"
  - Intel(R) Dynamic Application Loader Host Interface Service (jhi_service)
    State: Running, StartMode: Auto, Status: OK
    Path: C:\WINDOWS\System32\DriverStore\FileRepository\dal.inf_amd64_8a3f88e34f6b8385\jhi_service.exe
  - Intel(R) Dynamic Tuning service (esifsvc)
    State: Running, StartMode: Auto, Status: OK
    Path: "C:\WINDOWS\System32\DriverStore\FileRepository\dptf_cpu.inf_amd64_c2c5b0e17a28a48f\esif_uf.exe"
  - Intel(R) Graphics Command Center Service (igccservice)
    State: Running, StartMode: Auto, Status: OK
    Path: C:\WINDOWS\System32\DriverStore\FileRepository\igcc_dch.inf_amd64_8d952ce997b81e9f\OneApp.IGCC.WinService.exe
  - Intel(R) HD Graphics Control Panel Service (igfxCUIService2.0.0.0)
    State: Running, StartMode: Auto, Status: OK
    Path: C:\WINDOWS\System32\DriverStore\FileRepository\cui_dch.inf_amd64_cbb03399d84fb105\igfxCUIService.exe
  - Intel(R) Management Engine WMI Provider Registration (WMIRegistrationService)
    State: Running, StartMode: Auto, Status: OK
    Path: C:\WINDOWS\System32\DriverStore\FileRepository\mewmiprov.inf_amd64_b966ea70c5407e74\WMIRegistrationService.exe
  - Intel(R) SUR QC Software Asset Manager (Intel(R) SUR QC SAM)
    State: Stopped, StartMode: Manual, Status: OK
    Path: "C:\Program Files\Intel\SUR\QUEENCREEK\Updater\bin\IntelSoftwareAssetManagerService.exe"
  - Intel(R) System Usage Report Service SystemUsageReportSvc_QUEENCREEK (SystemUsageReportSvc_QUEENCREEK)
    State: Running, StartMode: Auto, Status: OK
    Path: "C:\Program Files\Intel\SUR\QUEENCREEK\SurSvc.exe"
  - Inventory and Compatibility Appraisal service (InventorySvc)
    State: Running, StartMode: Auto, Status: OK
    Path: C:\WINDOWS\system32\svchost.exe -k InvSvcGroup -p
  - IP Helper (iphlpsvc)
    State: Running, StartMode: Auto, Status: OK
    Path: C:\WINDOWS\System32\svchost.exe -k NetSvcs -p
  - IPsec Policy Agent (PolicyAgent)
    State: Running, StartMode: Manual, Status: OK
    Path: C:\WINDOWS\system32\svchost.exe -k NetworkServiceNetworkRestricted -p
  - LSM (LSM)
    State: Running, StartMode: Unknown, Status: UNKNOWN
    Path: Requires Admin
  - Microsoft Defender Antivirus Network Inspection Service (WdNisSvc)
    State: Running, StartMode: Manual, Status: OK
    Path: "C:\ProgramData\Microsoft\Windows Defender\Platform\4.18.25030.2-0\NisSrv.exe"
  - Microsoft Defender Antivirus Service (WinDefend)
    State: Running, StartMode: Auto, Status: OK
    Path: "C:\ProgramData\Microsoft\Windows Defender\Platform\4.18.25030.2-0\MsMpEng.exe"
  - Microsoft Defender Core Service (MDCoreSvc)
    State: Running, StartMode: Auto, Status: OK
    Path: "C:\ProgramData\Microsoft\Windows Defender\Platform\4.18.25030.2-0\MpDefenderCoreService.exe"
  - Microsoft Storage Spaces SMP (smphost)
    State: Running, StartMode: Manual, Status: OK
    Path: C:\WINDOWS\System32\svchost.exe -k smphost
  - Microsoft Store Install Service (InstallService)
    State: Running, StartMode: Manual, Status: OK
    Path: C:\WINDOWS\System32\svchost.exe -k netsvcs -p
  - Network Connected Devices Auto-Setup (NcdAutoSetup)
    State: Running, StartMode: Manual, Status: OK
    Path: C:\WINDOWS\System32\svchost.exe -k LocalServiceNoNetwork -p
  - Network Connection Broker (NcbService)
    State: Running, StartMode: Manual, Status: OK
    Path: C:\WINDOWS\System32\svchost.exe -k LocalSystemNetworkRestricted -p
  - Network List Service (netprofm)
    State: Running, StartMode: Manual, Status: OK
    Path: C:\WINDOWS\System32\svchost.exe -k netprofm -p
  - Network Store Interface Service (nsi)
    State: Running, StartMode: Auto, Status: OK
    Path: C:\WINDOWS\system32\svchost.exe -k LocalService -p
  - Now Playing Session Manager Service_6e65a (NPSMSvc_6e65a)
    State: Running, StartMode: Manual, Status: OK
    Path: C:\WINDOWS\system32\svchost.exe -k LocalService -p
  - Plug and Play (PlugPlay)
    State: Running, StartMode: Manual, Status: OK
    Path: C:\WINDOWS\system32\svchost.exe -k DcomLaunch -p
  - Power (Power)
    State: Running, StartMode: Auto, Status: OK
    Path: C:\WINDOWS\system32\svchost.exe -k DcomLaunch -p
  - Print Spooler (Spooler)
    State: Running, StartMode: Auto, Status: OK
    Path: C:\WINDOWS\System32\spoolsv.exe
  - Program Compatibility Assistant Service (PcaSvc)
    State: Running, StartMode: Auto, Status: OK
    Path: C:\WINDOWS\system32\svchost.exe -k LocalSystemNetworkRestricted -p
  - Radio Management Service (RmSvc)
    State: Running, StartMode: Manual, Status: OK
    Path: C:\WINDOWS\System32\svchost.exe -k LocalServiceNetworkRestricted
  - Realtek Audio Universal Service (RtkAudioUniversalService)
    State: Running, StartMode: Auto, Status: OK
    Path: "C:\WINDOWS\System32\DriverStore\FileRepository\realtekservice.inf_amd64_04ff63d068f8c626\RtkAudUService64.exe"
  - Remote Access Connection Manager (RasMan)
    State: Running, StartMode: Auto, Status: OK
    Path: C:\WINDOWS\System32\svchost.exe -k netsvcs
  - Remote Procedure Call (RPC) (RpcSs)
    State: Running, StartMode: Auto, Status: OK
    Path: C:\WINDOWS\system32\svchost.exe -k rpcss -p
  - RPC Endpoint Mapper (RpcEptMapper)
    State: Running, StartMode: Auto, Status: OK
    Path: C:\WINDOWS\system32\svchost.exe -k RPCSS -p
  - Secure Socket Tunneling Protocol Service (SstpSvc)
    State: Running, StartMode: Manual, Status: OK
    Path: C:\WINDOWS\system32\svchost.exe -k LocalService -p
  - Security Accounts Manager (SamSs)
    State: Running, StartMode: Auto, Status: OK
    Path: C:\WINDOWS\system32\lsass.exe
  - Security Center (wscsvc)
    State: Running, StartMode: Auto, Status: OK
    Path: C:\WINDOWS\System32\svchost.exe -k LocalServiceNetworkRestricted -p
  - Server (LanmanServer)
    State: Running, StartMode: Auto, Status: OK
    Path: C:\WINDOWS\system32\svchost.exe -k netsvcs -p
  - Shell Hardware Detection (ShellHWDetection)
    State: Running, StartMode: Auto, Status: OK
    Path: C:\WINDOWS\System32\svchost.exe -k netsvcs -p
  - SSDP Discovery (SSDPSRV)
    State: Running, StartMode: Manual, Status: OK
    Path: C:\WINDOWS\system32\svchost.exe -k LocalServiceAndNoImpersonation -p
  - State Repository Service (StateRepository)
    State: Running, StartMode: Auto, Status: OK
    Path: C:\WINDOWS\system32\svchost.exe -k appmodel -p
  - Storage Service (StorSvc)
    State: Running, StartMode: Auto, Status: OK
    Path: C:\WINDOWS\System32\svchost.exe -k LocalSystemNetworkRestricted -p
  - Sync Host_6e65a (OneSyncSvc_6e65a)
    State: Running, StartMode: Auto, Status: OK
    Path: C:\WINDOWS\system32\svchost.exe -k UnistackSvcGroup
  - SysMain (SysMain)
    State: Running, StartMode: Auto, Status: OK
    Path: C:\WINDOWS\system32\svchost.exe -k LocalSystemNetworkRestricted -p
  - System Event Notification Service (SENS)
    State: Running, StartMode: Auto, Status: OK
    Path: C:\WINDOWS\system32\svchost.exe -k netsvcs -p
  - System Events Broker (SystemEventsBroker)
    State: Running, StartMode: Auto, Status: OK
    Path: C:\WINDOWS\system32\svchost.exe -k DcomLaunch -p
  - Tailscale (Tailscale)
    State: Running, StartMode: Auto, Status: OK
    Path: "C:\Program Files\Tailscale\tailscaled.exe"
  - Task Scheduler (Schedule)
    State: Running, StartMode: Auto, Status: OK
    Path: C:\WINDOWS\system32\svchost.exe -k netsvcs -p
  - Text Input Management Service (TextInputManagementService)
    State: Running, StartMode: Auto, Status: OK
    Path: C:\WINDOWS\System32\svchost.exe -k LocalSystemNetworkRestricted -p
  - Themes (Themes)
    State: Running, StartMode: Auto, Status: OK
    Path: C:\WINDOWS\System32\svchost.exe -k netsvcs -p
  - Time Broker (TimeBrokerSvc)
    State: Running, StartMode: Manual, Status: OK
    Path: C:\WINDOWS\system32\svchost.exe -k LocalServiceNetworkRestricted -p
  - Udk User Service_6e65a (UdkUserSvc_6e65a)
    State: Running, StartMode: Manual, Status: OK
    Path: C:\WINDOWS\system32\svchost.exe -k UdkSvcGroup
  - Update Orchestrator Service (UsoSvc)
    State: Running, StartMode: Auto, Status: OK
    Path: C:\WINDOWS\system32\svchost.exe -k netsvcs -p
  - User Energy Server Service queencreek (USER_ESRV_SVC_QUEENCREEK)
    State: Stopped, StartMode: Manual, Status: OK
    Path: "C:\Program Files\Intel\SUR\QUEENCREEK\x64\esrv_svc.exe" "--run_as_user_process" 
  - User Manager (UserManager)
    State: Running, StartMode: Auto, Status: OK
    Path: C:\WINDOWS\system32\svchost.exe -k netsvcs -p
  - User Profile Service (ProfSvc)
    State: Running, StartMode: Auto, Status: OK
    Path: C:\WINDOWS\system32\svchost.exe -k UserProfileService -p
  - Web Account Manager (TokenBroker)
    State: Running, StartMode: Manual, Status: OK
    Path: C:\WINDOWS\system32\svchost.exe -k netsvcs -p
  - Web Threat Defense Service (webthreatdefsvc)
    State: Running, StartMode: Manual, Status: OK
    Path: C:\WINDOWS\system32\svchost.exe -k WebThreatDefense -p
  - Web Threat Defense User Service_6e65a (webthreatdefusersvc_6e65a)
    State: Running, StartMode: Auto, Status: OK
    Path: C:\WINDOWS\system32\svchost.exe -k LocalSystemNetworkRestricted -p
  - Windows Audio (Audiosrv)
    State: Running, StartMode: Auto, Status: OK
    Path: C:\WINDOWS\System32\svchost.exe -k LocalServiceNetworkRestricted -p
  - Windows Audio Endpoint Builder (AudioEndpointBuilder)
    State: Running, StartMode: Auto, Status: OK
    Path: C:\WINDOWS\System32\svchost.exe -k LocalSystemNetworkRestricted -p
  - Windows Connection Manager (Wcmsvc)
    State: Running, StartMode: Auto, Status: OK
    Path: C:\WINDOWS\system32\svchost.exe -k LocalServiceNetworkRestricted -p -s Wcmsvc
  - Windows Defender Firewall (mpssvc)
    State: Running, StartMode: Auto, Status: OK
    Path: C:\WINDOWS\system32\svchost.exe -k LocalServiceNoNetworkFirewall -p
  - Windows Event Log (EventLog)
    State: Running, StartMode: Auto, Status: OK
    Path: C:\WINDOWS\System32\svchost.exe -k LocalServiceNetworkRestricted -p
  - Windows Font Cache Service (FontCache)
    State: Running, StartMode: Auto, Status: OK
    Path: C:\WINDOWS\system32\svchost.exe -k LocalService -p
  - Windows License Manager Service (LicenseManager)
    State: Running, StartMode: Manual, Status: OK
    Path: C:\WINDOWS\System32\svchost.exe -k LocalService -p
  - Windows Management Instrumentation (Winmgmt)
    State: Running, StartMode: Auto, Status: OK
    Path: C:\WINDOWS\system32\svchost.exe -k netsvcs -p
  - Windows Media Player Network Sharing Service (WMPNetworkSvc)
    State: Stopped, StartMode: Manual, Status: OK
    Path: "C:\Program Files\Windows Media Player\wmpnetwk.exe"
  - Windows Modules Installer (TrustedInstaller)
    State: Running, StartMode: Manual, Status: OK
    Path: C:\WINDOWS\servicing\TrustedInstaller.exe
  - Windows Push Notifications System Service (WpnService)
    State: Running, StartMode: Auto, Status: OK
    Path: C:\WINDOWS\system32\svchost.exe -k netsvcs -p
  - Windows Push Notifications User Service_6e65a (WpnUserService_6e65a)
    State: Running, StartMode: Auto, Status: OK
    Path: C:\WINDOWS\system32\svchost.exe -k UnistackSvcGroup
  - Windows Search (WSearch)
    State: Running, StartMode: Auto, Status: OK
    Path: C:\WINDOWS\system32\SearchIndexer.exe /Embedding
  - Windows Security Service (SecurityHealthService)
    State: Running, StartMode: Manual, Status: OK
    Path: C:\WINDOWS\system32\SecurityHealthService.exe
  - Windows Update (wuauserv)
    State: Stopped, StartMode: Manual, Status: OK
    Path: C:\WINDOWS\system32\svchost.exe -k netsvcs -p
  - WinHTTP Web Proxy Auto-Discovery Service (WinHttpAutoProxySvc)
    State: Running, StartMode: Manual, Status: OK
    Path: C:\WINDOWS\system32\svchost.exe -k LocalServiceNetworkRestricted -p
  - WLAN AutoConfig (WlanSvc)
    State: Running, StartMode: Auto, Status: OK
    Path: C:\WINDOWS\system32\svchost.exe -k LocalSystemNetworkRestricted -p
  - WMI Performance Adapter (wmiApSrv)
    State: Running, StartMode: Manual, Status: OK
    Path: C:\WINDOWS\system32\wbem\WmiApSrv.exe
  - Workstation (LanmanWorkstation)
    State: Running, StartMode: Auto, Status: OK
    Path: C:\WINDOWS\System32\svchost.exe -k NetworkService -p
  - WSAIFabricSvc (WSAIFabricSvc)
    State: Running, StartMode: Auto, Status: OK
    Path: C:\WINDOWS\system32\svchost.exe -k WSAIFabricSvcGroup -p

 Startup Programs:
  - [Folder:Common Startup] Tailscale.lnk = C:\ProgramData\Microsoft\Windows\Start Menu\Programs\Startup\Tailscale.lnk
  - [Reg:CURRENT_USER\Registry32\Run] MicrosoftEdgeAutoLaunch_C46CFC0629905CC775E70B50EA8A519C = "C:\Program Files (x86)\Microsoft\Edge\Application\msedge.exe" --no-startup-window --win-session-start
  - [Reg:CURRENT_USER\Registry64\Run] MicrosoftEdgeAutoLaunch_C46CFC0629905CC775E70B50EA8A519C = "C:\Program Files (x86)\Microsoft\Edge\Application\msedge.exe" --no-startup-window --win-session-start
  - [Reg:LOCAL_MACHINE\Registry64\Run] RtkAudUService = "C:\WINDOWS\System32\DriverStore\FileRepository\realtekservice.inf_amd64_04ff63d068f8c626\RtkAudUService64.exe" -background
  - [Reg:LOCAL_MACHINE\Registry64\Run] SecurityHealth = C:\WINDOWS\system32\SecurityHealthSystray.exe
  - [Reg:LOCAL_MACHINE\Registry64\Run] WavesSvc = "C:\Windows\System32\DriverStore\FileRepository\wavesapo9de_sc.inf_amd64_4c967bf04fb505ca\WavesSvc64.exe" -Jack

 System Environment Variables:
  ComSpec=C:\WINDOWS\system32\cmd.exe
  DriverData=C:\Windows\System32\Drivers\DriverData
  NUMBER_OF_PROCESSORS=8
  OS=Windows_NT
  Path=C:\WINDOWS\system32;C:\WINDOWS;C:\WINDOWS\System32\Wbem;C:\WINDOWS\System32\WindowsPowerShell\v1.0\;C:\WINDOWS\System32\OpenSSH\;C:\Program Files\dotnet\;C:\Program Files\Tailscale\
  PATHEXT=.COM;.EXE;.BAT;.CMD;.VBS;.VBE;.JS;.JSE;.WSF;.WSH;.MSC
  PROCESSOR_ARCHITECTURE=AMD64
  PROCESSOR_IDENTIFIER=Intel64 Family 6 Model 142 Stepping 12, GenuineIntel
  PROCESSOR_LEVEL=6
  PROCESSOR_REVISION=8e0c
  PSModulePath=C:\Program Files\WindowsPowerShell\Modules;C:\WINDOWS\system32\WindowsPowerShell\v1.0\Modules
  TEMP=C:\WINDOWS\TEMP
  TMP=C:\WINDOWS\TEMP
  USERNAME=SYSTEM
  windir=C:\WINDOWS
  ZES_ENABLE_SYSMAN=1

 User Environment Variables:
  OneDrive=C:\Users\User\OneDrive
  Path=C:\Users\User\AppData\Local\Programs\Python\Python313\Scripts\;C:\Users\User\AppData\Local\Programs\Python\Python313\;C:\Users\User\AppData\Local\Microsoft\WindowsApps;C:\Users\User\.dotnet\tools;C:\Users\User\AppData\Local\Programs\Microsoft VS Code\bin;C:\Users\User\AppData\Local\GitHubDesktop\bin
  TEMP=C:\Users\User\AppData\Local\Temp
  TMP=C:\Users\User\AppData\Local\Temp

----------------------------------------
--- Security Information ---
----------------------------------------
[Security Information - Collection Warnings/Errors]:
  - Antivirus: Requires Admin
  - Firewall: Requires Admin
  - TPM: Requires Admin

 Running as Administrator: False
 UAC Status: Enabled
 Antivirus: N/A (State: Requires Admin)
 Firewall: N/A (State: Requires Admin)
 Secure Boot Enabled: False
 BIOS Mode (Inferred): UEFI (Secure Boot Off) or Legacy

 TPM (Trusted Platform Module):
  Present: False
  Error: Requires Admin privileges for WMI TPM query.

 Local User Accounts:
  - Administrator (SID: S-1-5-21-503638248-79840229-1257267890-500)
    Disabled: True, PwdRequired: True, PwdChangeable: True, IsLocal: True
  - DefaultAccount (SID: S-1-5-21-503638248-79840229-1257267890-503)
    Disabled: True, PwdRequired: False, PwdChangeable: True, IsLocal: True
  - Guest (SID: S-1-5-21-503638248-79840229-1257267890-501)
    Disabled: True, PwdRequired: False, PwdChangeable: False, IsLocal: True
  - User (SID: S-1-5-21-503638248-79840229-1257267890-1001)
    Disabled: False, PwdRequired: False, PwdChangeable: True, IsLocal: True
  - WDAGUtilityAccount (SID: S-1-5-21-503638248-79840229-1257267890-504)
    Disabled: True, PwdRequired: True, PwdChangeable: True, IsLocal: True

 Local Groups:
  - Administrators (SID: S-1-5-32-544) - Administrators have complete and unrestricted access to the computer/domain
  - Device Owners (SID: S-1-5-32-583) - Members of this group can change system-wide settings.
  - Distributed COM Users (SID: S-1-5-32-562) - Members are allowed to launch, activate and use Distributed COM objects on this machine.
  - Event Log Readers (SID: S-1-5-32-573) - Members of this group can read event logs from local machine
  - Guests (SID: S-1-5-32-546) - Guests have the same access as members of the Users group by default, except for the Guest account which is further restricted
  - Hyper-V Administrators (SID: S-1-5-32-578) - Members of this group have complete and unrestricted access to all features of Hyper-V.
  - IIS_IUSRS (SID: S-1-5-32-568) - Built-in group used by Internet Information Services.
  - OpenSSH Users (SID: S-1-5-32-585) - Members of this group may connect to this computer using SSH.
  - Performance Log Users (SID: S-1-5-32-559) - Members of this group may schedule logging of performance counters, enable trace providers, and collect event traces both locally and via remote access to this computer
  - Performance Monitor Users (SID: S-1-5-32-558) - Members of this group can access performance counter data locally and remotely
  - Remote Management Users (SID: S-1-5-32-580) - Members of this group can access WMI resources over management protocols (such as WS-Management via the Windows Remote Management service). This applies only to WMI namespaces that grant access to the user.
  - System Managed Accounts Group (SID: S-1-5-32-581) - Members of this group are managed by the system.
  - User Mode Hardware Operators (SID: S-1-5-32-584) - Members of this group may operate hardware from user mode.
  - Users (SID: S-1-5-32-545) - Users are prevented from making accidental or intentional system-wide changes and can run most applications

 Network Shares:
  - ADMIN$ -> C:\WINDOWS (Remote Admin, Type: 2147483648)
  - C$ -> C:\ (Default share, Type: 2147483648)
  - IPC$ -> N/A (Remote IPC, Type: 2147483651)
  - Share -> C:\Share (N/A, Type: 0)

----------------------------------------
--- Performance Snapshot ---
----------------------------------------
[CRITICAL ERROR collecting Performance Snapshot: No process is associated with this object.]
 Performance Counters (Snapshot/Sampled):
  Overall CPU Usage: 18.33 %
  Available Memory: 1125 MB
  Avg. Disk Queue Length (Total): 0.01

 Top Processes by Memory (Working Set):
  Data unavailable due to section error: No process is associated with this object.

 Top Processes by Total CPU Time (Snapshot):
  Data unavailable due to section error: No process is associated with this object.

----------------------------------------
--- Network Information ---
----------------------------------------
[Network Information - Collection Warnings/Errors]:
  - DriverDate-Wi-Fi: Info: Driver date lookup not implemented.

 Network Adapters:

  Bluetooth Network Connection (Bluetooth Device (Personal Area Network))
    Status: Down, Type: Ethernet, Speed: 3 Mbps, MAC: 2CDB07E582AA
    ID: {E09E333D-0806-492F-BF6D-A655E875AE19}, Index: N/A
    IP Addresses: N/A
    Gateways: N/A
    DNS Servers: N/A
    DNS Suffix: N/A
    WINS Servers: N/A
    DHCP Enabled: False (Lease Obtained: N/A, Expires: N/A)
    WMI Service Name: N/A
    Driver Date: N/A

  Ethernet (Intel(R) Ethernet Connection (10) I219-V)
    Status: Down, Type: Ethernet, Speed: 0 Mbps, MAC: 8C47BE56D4BF
    ID: {1BE14974-EA2D-4683-ADFA-FA815691AE20}, Index: N/A
    IP Addresses: N/A
    Gateways: N/A
    DNS Servers: N/A
    DNS Suffix: N/A
    WINS Servers: N/A
    DHCP Enabled: False (Lease Obtained: N/A, Expires: N/A)
    WMI Service Name: N/A
    Driver Date: N/A

  Wi-Fi (Intel(R) Wi-Fi 6 AX201 160MHz)
    Status: Up, Type: Wireless80211, Speed: 400 Mbps, MAC: 2CDB07E582A6
    ID: {9189983C-4BA2-4EFF-9410-5B78A2571589}, Index: 13
    IP Addresses: fe80::3326:581:b0f2:9078%13, 10.5.254.139
    Gateways: 10.5.254.254
    DNS Servers: 10.5.254.254
    DNS Suffix: sbsguestwifi.local
    WINS Servers: N/A
    DHCP Enabled: True (Lease Obtained: 2025-04-17 12:48:24, Expires: 2025-04-18 12:42:58)
    WMI Service Name: Netwtw10.
    Driver Date: N/A

  Local Area Connection* 1 (Microsoft Wi-Fi Direct Virtual Adapter)
    Status: Down, Type: Wireless80211, Speed: 0 Mbps, MAC: 2CDB07E582A7
    ID: {B40F33A2-D847-4384-8822-F3503AD9E113}, Index: N/A
    IP Addresses: N/A
    Gateways: N/A
    DNS Servers: N/A
    DNS Suffix: N/A
    WINS Servers: N/A
    DHCP Enabled: False (Lease Obtained: N/A, Expires: N/A)
    WMI Service Name: N/A
    Driver Date: N/A

  Local Area Connection* 10 (Microsoft Wi-Fi Direct Virtual Adapter #2)
    Status: Down, Type: Wireless80211, Speed: 0 Mbps, MAC: 2EDB07E582A6
    ID: {2C6637DD-0DEE-442E-8A2C-562E28F0E4ED}, Index: N/A
    IP Addresses: N/A
    Gateways: N/A
    DNS Servers: N/A
    DNS Suffix: N/A
    WINS Servers: N/A
    DHCP Enabled: False (Lease Obtained: N/A, Expires: N/A)
    WMI Service Name: N/A
    Driver Date: N/A

  Loopback Pseudo-Interface 1 (Software Loopback Interface 1)
    Status: Up, Type: Loopback, Speed: 1073 Mbps, MAC: 
    ID: {867CC3A1-0BEA-11F0-A473-806E6F6E6963}, Index: 1
    IP Addresses: ::1, 127.0.0.1
    Gateways: N/A
    DNS Servers: fec0:0:0:ffff::1, fec0:0:0:ffff::2, fec0:0:0:ffff::3
    DNS Suffix: 
    WINS Servers: N/A
    DHCP Enabled: False (Lease Obtained: N/A, Expires: N/A)
    WMI Service Name: N/A
    Driver Date: N/A

  Tailscale (Tailscale Tunnel)
    Status: Up, Type: 53, Speed: 100000 Mbps, MAC: 
    ID: {37217669-42DA-4657-A55B-0D995D328250}, Index: 6
    IP Addresses: fd7a:115c:a1e0::8301:f36b, fe80::4bed:ece4:614b:7122%6, 100.118.243.107
    Gateways: N/A
    DNS Servers: fec0:0:0:ffff::1, fec0:0:0:ffff::2, fec0:0:0:ffff::3
    DNS Suffix: rove-crocodile.ts.net
    WINS Servers: N/A
    DHCP Enabled: False (Lease Obtained: N/A, Expires: N/A)
    WMI Service Name: N/A
    Driver Date: N/A

 Active TCP Listeners:
  Local Address:Port       PID    Process Name
  ------------------------ ------ ------------------------------
  0.0.0.0:135              -      N/A (Lookup Not Implemented)
  :::135                   -      N/A (Lookup Not Implemented)
  10.5.254.139:139         -      N/A (Lookup Not Implemented)
  0.0.0.0:445              -      N/A (Lookup Not Implemented)
  :::445                   -      N/A (Lookup Not Implemented)
  0.0.0.0:5040             -      N/A (Lookup Not Implemented)
  0.0.0.0:5357             -      N/A (Lookup Not Implemented)
  :::5357                  -      N/A (Lookup Not Implemented)
  0.0.0.0:7680             -      N/A (Lookup Not Implemented)
  :::7680                  -      N/A (Lookup Not Implemented)
  127.0.0.1:8884           -      N/A (Lookup Not Implemented)
  127.0.0.1:28385          -      N/A (Lookup Not Implemented)
  127.0.0.1:28390          -      N/A (Lookup Not Implemented)
  fd7a:115c:a1e0::8301:f36b:47499 -      N/A (Lookup Not Implemented)
  127.0.0.1:49350          -      N/A (Lookup Not Implemented)
  127.0.0.1:49351          -      N/A (Lookup Not Implemented)
  0.0.0.0:49664            -      N/A (Lookup Not Implemented)
  :::49664                 -      N/A (Lookup Not Implemented)
  0.0.0.0:49665            -      N/A (Lookup Not Implemented)
  :::49665                 -      N/A (Lookup Not Implemented)
  0.0.0.0:49666            -      N/A (Lookup Not Implemented)
  :::49666                 -      N/A (Lookup Not Implemented)
  0.0.0.0:49667            -      N/A (Lookup Not Implemented)
  :::49667                 -      N/A (Lookup Not Implemented)
  0.0.0.0:49668            -      N/A (Lookup Not Implemented)
  :::49668                 -      N/A (Lookup Not Implemented)
  ::1:49669                -      N/A (Lookup Not Implemented)
  0.0.0.0:49670            -      N/A (Lookup Not Implemented)
  :::49670                 -      N/A (Lookup Not Implemented)
  100.118.243.107:51038    -      N/A (Lookup Not Implemented)
  127.0.0.1:63384          -      N/A (Lookup Not Implemented)

 Active UDP Listeners:
  Local Address:Port       PID    Process Name
  ------------------------ ------ ------------------------------
  10.5.254.139:137         -      N/A (Lookup Not Implemented)
  10.5.254.139:138         -      N/A (Lookup Not Implemented)
  0.0.0.0:500              -      N/A (Lookup Not Implemented)
  :::500                   -      N/A (Lookup Not Implemented)
  10.5.254.139:1900        -      N/A (Lookup Not Implemented)
  100.118.243.107:1900     -      N/A (Lookup Not Implemented)
  127.0.0.1:1900           -      N/A (Lookup Not Implemented)
  ::1:1900                 -      N/A (Lookup Not Implemented)
  fe80::3326:581:b0f2:9078%13:1900 -      N/A (Lookup Not Implemented)
  fe80::4bed:ece4:614b:7122%6:1900 -      N/A (Lookup Not Implemented)
  0.0.0.0:3702             -      N/A (Lookup Not Implemented)
  0.0.0.0:3702             -      N/A (Lookup Not Implemented)
  :::3702                  -      N/A (Lookup Not Implemented)
  :::3702                  -      N/A (Lookup Not Implemented)
  0.0.0.0:4500             -      N/A (Lookup Not Implemented)
  :::4500                  -      N/A (Lookup Not Implemented)
  0.0.0.0:5050             -      N/A (Lookup Not Implemented)
  0.0.0.0:5353             -      N/A (Lookup Not Implemented)
  0.0.0.0:5353             -      N/A (Lookup Not Implemented)
  0.0.0.0:5353             -      N/A (Lookup Not Implemented)
  0.0.0.0:5353             -      N/A (Lookup Not Implemented)
  0.0.0.0:5353             -      N/A (Lookup Not Implemented)
  :::5353                  -      N/A (Lookup Not Implemented)
  :::5353                  -      N/A (Lookup Not Implemented)
  :::5353                  -      N/A (Lookup Not Implemented)
  0.0.0.0:5355             -      N/A (Lookup Not Implemented)
  :::5355                  -      N/A (Lookup Not Implemented)
  0.0.0.0:41641            -      N/A (Lookup Not Implemented)
  :::41641                 -      N/A (Lookup Not Implemented)
  127.0.0.1:49664          -      N/A (Lookup Not Implemented)
  0.0.0.0:50088            -      N/A (Lookup Not Implemented)
  :::50088                 -      N/A (Lookup Not Implemented)
  0.0.0.0:53123            -      N/A (Lookup Not Implemented)
  :::53123                 -      N/A (Lookup Not Implemented)
  fe80::4bed:ece4:614b:7122%6:56701 -      N/A (Lookup Not Implemented)
  fe80::3326:581:b0f2:9078%13:56702 -      N/A (Lookup Not Implemented)
  ::1:56703                -      N/A (Lookup Not Implemented)
  100.118.243.107:56704    -      N/A (Lookup Not Implemented)
  10.5.254.139:56705       -      N/A (Lookup Not Implemented)
  127.0.0.1:56706          -      N/A (Lookup Not Implemented)
  0.0.0.0:57480            -      N/A (Lookup Not Implemented)
  :::57480                 -      N/A (Lookup Not Implemented)
  0.0.0.0:59687            -      N/A (Lookup Not Implemented)
  :::59687                 -      N/A (Lookup Not Implemented)
  0.0.0.0:63164            -      N/A (Lookup Not Implemented)
  :::63165                 -      N/A (Lookup Not Implemented)
  0.0.0.0:64431            -      N/A (Lookup Not Implemented)

 Active TCP Connections:
  Local Address:Port       Remote Address:Port      State           PID    Process Name
  ------------------------ ------------------------ --------------- ------ ------------------------------
  10.5.254.139:49420       172.172.255.217:443      Established     -      N/A (Lookup Not Implemented)
  10.5.254.139:49758       140.82.112.26:443        Established     -      N/A (Lookup Not Implemented)
  10.5.254.139:49783       172.217.167.106:443      Established     -      N/A (Lookup Not Implemented)
  10.5.254.139:49860       20.42.65.85:443          Established     -      N/A (Lookup Not Implemented)
  10.5.254.139:49900       142.251.221.78:443       Established     -      N/A (Lookup Not Implemented)
  10.5.254.139:49901       142.250.66.195:443       Established     -      N/A (Lookup Not Implemented)
  10.5.254.139:49902       142.250.67.14:443        Established     -      N/A (Lookup Not Implemented)
  10.5.254.139:49903       172.217.167.104:443      Established     -      N/A (Lookup Not Implemented)
  10.5.254.139:49904       142.250.204.14:443       Established     -      N/A (Lookup Not Implemented)
  10.5.254.139:49905       13.107.6.158:443         Established     -      N/A (Lookup Not Implemented)
  10.5.254.139:49906       52.111.224.30:443        Established     -      N/A (Lookup Not Implemented)
  10.5.254.139:49907       142.250.66.206:443       Established     -      N/A (Lookup Not Implemented)
  10.5.254.139:49908       142.250.204.2:443        Established     -      N/A (Lookup Not Implemented)
  10.5.254.139:49909       172.217.167.66:443       Established     -      N/A (Lookup Not Implemented)
  10.5.254.139:49910       20.190.122.23:443        Established     -      N/A (Lookup Not Implemented)
  10.5.254.139:49911       172.217.167.98:443       Established     -      N/A (Lookup Not Implemented)
  10.5.254.139:49912       172.217.167.68:443       Established     -      N/A (Lookup Not Implemented)
  10.5.254.139:63037       20.150.179.224:8883      Established     -      N/A (Lookup Not Implemented)
  10.5.254.139:63209       54.161.152.147:443       Established     -      N/A (Lookup Not Implemented)
  10.5.254.139:63225       43.245.48.220:443        Established     -      N/A (Lookup Not Implemented)
  10.5.254.139:63228       3.74.105.242:443         Established     -      N/A (Lookup Not Implemented)
  10.5.254.139:63575       54.161.152.147:443       Established     -      N/A (Lookup Not Implemented)
  10.5.254.139:65201       142.250.76.106:443       Established     -      N/A (Lookup Not Implemented)
  127.0.0.1:49950          127.0.0.1:49350          FinWait2        -      N/A (Lookup Not Implemented)
  127.0.0.1:49951          127.0.0.1:49350          FinWait2        -      N/A (Lookup Not Implemented)
  127.0.0.1:49350          127.0.0.1:49950          CloseWait       -      N/A (Lookup Not Implemented)
  127.0.0.1:49350          127.0.0.1:49951          CloseWait       -      N/A (Lookup Not Implemented)
  10.5.254.139:49915       23.219.86.82:443         CloseWait       -      N/A (Lookup Not Implemented)
  10.5.254.139:49819       74.125.200.84:443        TimeWait        -      N/A (Lookup Not Implemented)
  127.0.0.1:49885          127.0.0.1:49350          TimeWait        -      N/A (Lookup Not Implemented)
  127.0.0.1:49886          127.0.0.1:49350          TimeWait        -      N/A (Lookup Not Implemented)
  127.0.0.1:49887          127.0.0.1:49350          TimeWait        -      N/A (Lookup Not Implemented)
  127.0.0.1:49888          127.0.0.1:49350          TimeWait        -      N/A (Lookup Not Implemented)
  127.0.0.1:49889          127.0.0.1:49350          TimeWait        -      N/A (Lookup Not Implemented)
  127.0.0.1:49890          127.0.0.1:49350          TimeWait        -      N/A (Lookup Not Implemented)
  127.0.0.1:49891          127.0.0.1:49350          TimeWait        -      N/A (Lookup Not Implemented)
  127.0.0.1:49892          127.0.0.1:49350          TimeWait        -      N/A (Lookup Not Implemented)
  127.0.0.1:49893          127.0.0.1:49350          TimeWait        -      N/A (Lookup Not Implemented)
  127.0.0.1:49894          127.0.0.1:49350          TimeWait        -      N/A (Lookup Not Implemented)
  127.0.0.1:49895          127.0.0.1:49350          TimeWait        -      N/A (Lookup Not Implemented)
  127.0.0.1:49896          127.0.0.1:49350          TimeWait        -      N/A (Lookup Not Implemented)
  127.0.0.1:49897          127.0.0.1:49350          TimeWait        -      N/A (Lookup Not Implemented)
  127.0.0.1:49898          127.0.0.1:49350          TimeWait        -      N/A (Lookup Not Implemented)
  127.0.0.1:49899          127.0.0.1:49350          TimeWait        -      N/A (Lookup Not Implemented)
  127.0.0.1:49913          127.0.0.1:49350          TimeWait        -      N/A (Lookup Not Implemented)
  127.0.0.1:49916          127.0.0.1:49350          TimeWait        -      N/A (Lookup Not Implemented)
  127.0.0.1:49917          127.0.0.1:49350          TimeWait        -      N/A (Lookup Not Implemented)
  127.0.0.1:49918          127.0.0.1:49350          TimeWait        -      N/A (Lookup Not Implemented)
  127.0.0.1:49919          127.0.0.1:49350          TimeWait        -      N/A (Lookup Not Implemented)
  127.0.0.1:49920          127.0.0.1:49350          TimeWait        -      N/A (Lookup Not Implemented)
  127.0.0.1:49921          127.0.0.1:49350          TimeWait        -      N/A (Lookup Not Implemented)
  127.0.0.1:49922          127.0.0.1:49350          TimeWait        -      N/A (Lookup Not Implemented)
  127.0.0.1:49925          127.0.0.1:49350          TimeWait        -      N/A (Lookup Not Implemented)
  127.0.0.1:49926          127.0.0.1:49350          TimeWait        -      N/A (Lookup Not Implemented)
  127.0.0.1:49927          127.0.0.1:49350          TimeWait        -      N/A (Lookup Not Implemented)
  127.0.0.1:49928          127.0.0.1:49350          TimeWait        -      N/A (Lookup Not Implemented)
  127.0.0.1:49929          127.0.0.1:49350          TimeWait        -      N/A (Lookup Not Implemented)
  127.0.0.1:49930          127.0.0.1:49350          TimeWait        -      N/A (Lookup Not Implemented)
  127.0.0.1:49931          127.0.0.1:49350          TimeWait        -      N/A (Lookup Not Implemented)
  127.0.0.1:49932          127.0.0.1:49350          TimeWait        -      N/A (Lookup Not Implemented)
  127.0.0.1:49933          127.0.0.1:49350          TimeWait        -      N/A (Lookup Not Implemented)
  127.0.0.1:49934          127.0.0.1:49350          TimeWait        -      N/A (Lookup Not Implemented)
  127.0.0.1:49935          127.0.0.1:49350          TimeWait        -      N/A (Lookup Not Implemented)
  127.0.0.1:49936          127.0.0.1:49350          TimeWait        -      N/A (Lookup Not Implemented)
  127.0.0.1:49937          127.0.0.1:49350          TimeWait        -      N/A (Lookup Not Implemented)
  127.0.0.1:49938          127.0.0.1:49350          TimeWait        -      N/A (Lookup Not Implemented)
  127.0.0.1:49939          127.0.0.1:49350          TimeWait        -      N/A (Lookup Not Implemented)
  127.0.0.1:49940          127.0.0.1:49350          TimeWait        -      N/A (Lookup Not Implemented)
  127.0.0.1:49941          127.0.0.1:49350          TimeWait        -      N/A (Lookup Not Implemented)
  127.0.0.1:49942          127.0.0.1:49350          TimeWait        -      N/A (Lookup Not Implemented)
  127.0.0.1:49943          127.0.0.1:49350          TimeWait        -      N/A (Lookup Not Implemented)
  127.0.0.1:49944          127.0.0.1:49350          TimeWait        -      N/A (Lookup Not Implemented)
  127.0.0.1:49945          127.0.0.1:49350          TimeWait        -      N/A (Lookup Not Implemented)
  127.0.0.1:49946          127.0.0.1:49350          TimeWait        -      N/A (Lookup Not Implemented)
  127.0.0.1:49947          127.0.0.1:49350          TimeWait        -      N/A (Lookup Not Implemented)
  127.0.0.1:49948          127.0.0.1:49350          TimeWait        -      N/A (Lookup Not Implemented)
  127.0.0.1:49949          127.0.0.1:49350          TimeWait        -      N/A (Lookup Not Implemented)
  127.0.0.1:49952          127.0.0.1:49350          TimeWait        -      N/A (Lookup Not Implemented)
  127.0.0.1:49953          127.0.0.1:49350          TimeWait        -      N/A (Lookup Not Implemented)

 Connectivity Tests:
  Ping Test (10.5.254.254 [10.5.254.254]): Status = TimedOut (Error: Request timed out.)
  Ping Test (8.8.8.8 [8.8.8.8]): Status = Success (13 ms)
  Ping Test (1.1.1.1 [1.1.1.1]): Status = Success (1 ms)
  DNS Resolution Test (www.cloudflare.com): Success = True (13 ms) -> IPs: 104.16.123.96, 104.16.124.96

----------------------------------------
--- Recent Event Logs ---
----------------------------------------

 System Event Log (Recent Errors/Warnings):
  - 2025-04-17 13:14:52 [Warning] Microsoft-Windows-DNS-Client (ID:1014)
      Message: Name resolution for the name t-ring-fdv2.msedge.net timed out after none of the configured DNS servers responded. Client PID 10800.
  - 2025-04-17 13:01:18 [Error] Service Control Manager (ID:3221232481)
      Message: A timeout was reached (30000 milliseconds) while waiting for the Intel(R) SUR QC Software Asset Manager service to connect.
  - 2025-04-17 12:54:08 [Warning] DCOM (ID:10016)
      Message: The description for Event ID '10016' in Source 'DCOM' cannot be found.  The local computer may not have the necessary registry information or messa...
  - 2025-04-17 12:50:15 [Error] Service Control Manager (ID:3221232506)
      Message: The Energy Server Service queencreek service terminated unexpectedly. It has done this 1 time(s).
  - 2025-04-17 12:49:03 [Warning] DCOM (ID:10016)
      Message: The description for Event ID '10016' in Source 'DCOM' cannot be found.  The local computer may not have the necessary registry information or messa...
  - 2025-04-17 12:48:55 [Error] Microsoft-Windows-TPM-WMI (ID:1796)
      Message: The Secure Boot update failed to update a Secure Boot variable with error -2147020471. For more information, please see https://go.microsoft.com/fw...
  - 2025-04-17 12:48:26 [Warning] Netwtw10 (ID:2147489710)
      Message: 6062 - Lso was triggered
  - 2025-04-17 12:48:24 [Warning] e1dexpress (ID:2684616731)
      Message: Intel(R) Ethernet Connection (10) I219-V  Network link is disconnected.
  - 2025-04-17 12:48:23 [Warning] TPM (ID:30)
      Message: Reset and/or resume count do not match expected values after hibernate/resume.
  - 2025-04-17 12:43:44 [Warning] Netwtw10 (ID:2147489710)
      Message: 6062 - Lso was triggered
  - 2025-04-17 12:43:42 [Error] Microsoft-Windows-NDIS (ID:10317)
      Message: Miniport Microsoft Wi-Fi Direct Virtual Adapter #2, {2c6637dd-0dee-442e-8a2c-562e28f0e4ed}, had event 74
  - 2025-04-17 12:43:42 [Warning] e1dexpress (ID:2684616731)
      Message: Intel(R) Ethernet Connection (10) I219-V  Network link is disconnected.
  - 2025-04-17 12:42:57 [Warning] Netwtw10 (ID:2147489710)
      Message: 6062 - Lso was triggered
  - 2025-04-17 12:42:52 [Warning] e1dexpress (ID:2684616731)
      Message: Intel(R) Ethernet Connection (10) I219-V  Network link is disconnected.
  - 2025-04-17 12:42:51 [Warning] Win32k (ID:2147484349)
      Message: Power Manager has not requested suppression of all input (INPUT_SUPPRESS_REQUEST=0)
  - 2025-04-17 12:42:51 [Warning] Win32k (ID:2147484349)
      Message: Power Manager has not requested suppression of all input (INPUT_SUPPRESS_REQUEST=0)
  - 2025-04-17 07:51:03 [Warning] e1dexpress (ID:2684616731)
      Message: Intel(R) Ethernet Connection (10) I219-V  Network link is disconnected.
  - 2025-04-16 19:59:22 [Warning] Win32k (ID:2147484348)
      Message: Power Manager has requested suppression of all input (INPUT_SUPPRESS_REQUEST=1)
  - 2025-04-16 19:59:22 [Warning] Win32k (ID:2147484348)
      Message: Power Manager has requested suppression of all input (INPUT_SUPPRESS_REQUEST=1)
  - 2025-04-16 19:57:59 [Error] NetBT (ID:3221229793)
      Message: The name "WORKGROUP      :1d" could not be registered on the interface with IP address 192.168.1.114. The computer with the IP address 192.168.1.1 ...


 Application Event Log (Recent Errors/Warnings):
  - 2025-04-17 13:23:40 [Error] Application Hang (ID:1002)
      Message: The program WindowsTerminal.exe version 1.22.2503.14001 stopped interacting with Windows and was closed. To see if more information about the probl...
  - 2025-04-17 13:22:40 [Warning] Microsoft-Windows-Perflib (ID:1008)
      Message: The Open procedure for service "WmiApRpl" in DLL "C:\WINDOWS\system32\wbem\wmiaprpl.dll" failed with error code 21. Performance data for this servi...
  - 2025-04-17 13:22:40 [Warning] Microsoft-Windows-Perflib (ID:1008)
      Message: The Open procedure for service "MSDTC" in DLL "C:\WINDOWS\system32\msdtcuiu.DLL" failed with error code 2147942402. Performance data for this servi...
  - 2025-04-17 13:22:40 [Warning] Microsoft-Windows-Perflib (ID:1008)
      Message: The Open procedure for service "ESENT" in DLL "C:\WINDOWS\system32\esentprf.dll" failed with error code 5. Performance data for this service will n...
  - 2025-04-17 13:22:40 [Warning] Microsoft-Windows-Perflib (ID:1008)
      Message: The Open procedure for service ".NETFramework" in DLL "C:\WINDOWS\system32\mscoree.dll" failed with error code 5. Performance data for this service...
  - 2025-04-17 12:49:43 [Error] Microsoft-Windows-Perflib (ID:1005)
      Message: The attempt to locate the Open procedure "OpenLsaPerformanceData" in DLL "C:\Windows\System32\Secur32.dll" for the "Lsa" service failed with Win32 ...
  - 2025-04-16 11:04:08 [Error] Microsoft-Windows-Perflib (ID:1005)
      Message: The attempt to locate the Open procedure "OpenLsaPerformanceData" in DLL "C:\Windows\System32\Secur32.dll" for the "Lsa" service failed with Win32 ...
  - 2025-04-16 08:45:21 [Error] DPTF (ID:17)
      Message: The description for Event ID '17' in Source 'DPTF' cannot be found.  The local computer may not have the necessary registry information or message ...
  - 2025-04-15 21:13:03 [Warning] Microsoft-Windows-Perflib (ID:1008)
      Message: The Open procedure for service "WmiApRpl" in DLL "C:\WINDOWS\system32\wbem\wmiaprpl.dll" failed with error code 21. Performance data for this servi...
  - 2025-04-15 21:13:03 [Warning] Microsoft-Windows-Perflib (ID:1008)
      Message: The Open procedure for service "ESENT" in DLL "C:\WINDOWS\system32\esentprf.dll" failed with error code 5. Performance data for this service will n...
  - 2025-04-15 21:13:03 [Warning] Microsoft-Windows-Perflib (ID:1008)
      Message: The Open procedure for service ".NETFramework" in DLL "C:\WINDOWS\system32\mscoree.dll" failed with error code 5. Performance data for this service...
  - 2025-04-15 21:09:01 [Warning] Microsoft-Windows-WMI (ID:63)
      Message: A provider, IntelMEProv, has been registered in the Windows Management Instrumentation namespace root\Intel_ME to use the LocalSystem account. This...
  - 2025-04-15 21:09:01 [Warning] Microsoft-Windows-WMI (ID:63)
      Message: A provider, IntelMEProv, has been registered in the Windows Management Instrumentation namespace root\Intel_ME to use the LocalSystem account. This...
  - 2025-04-15 21:09:01 [Warning] Microsoft-Windows-WMI (ID:63)
      Message: A provider, IntelMEProv, has been registered in the Windows Management Instrumentation namespace root\Intel_ME to use the LocalSystem account. This...
  - 2025-04-15 20:58:31 [Warning] Microsoft-Windows-Perflib (ID:1008)
      Message: The Open procedure for service "WmiApRpl" in DLL "C:\WINDOWS\system32\wbem\wmiaprpl.dll" failed with error code 21. Performance data for this servi...
  - 2025-04-15 20:58:31 [Warning] Microsoft-Windows-Perflib (ID:1008)
      Message: The Open procedure for service "ESENT" in DLL "C:\WINDOWS\system32\esentprf.dll" failed with error code 5. Performance data for this service will n...
  - 2025-04-15 20:58:31 [Warning] Microsoft-Windows-Perflib (ID:1008)
      Message: The Open procedure for service ".NETFramework" in DLL "C:\WINDOWS\system32\mscoree.dll" failed with error code 5. Performance data for this service...
  - 2025-04-15 20:54:30 [Warning] Microsoft-Windows-WMI (ID:63)
      Message: A provider, IntelMEProv, has been registered in the Windows Management Instrumentation namespace root\Intel_ME to use the LocalSystem account. This...
  - 2025-04-15 20:54:30 [Warning] Microsoft-Windows-WMI (ID:63)
      Message: A provider, IntelMEProv, has been registered in the Windows Management Instrumentation namespace root\Intel_ME to use the LocalSystem account. This...
  - 2025-04-15 20:54:30 [Warning] Microsoft-Windows-WMI (ID:63)
      Message: A provider, IntelMEProv, has been registered in the Windows Management Instrumentation namespace root\Intel_ME to use the LocalSystem account. This...

----------------------------------------
--- Analysis Summary ---
----------------------------------------

>>> Potential Issues Found:
  - [ISSUE] Ping to Default Gateway (10.5.254.254) failed (Status: TimedOut (Request timed out.)). Potential local network issue (cable, router, adapter config).
  - [ISSUE] Found 20 recent Error/Warning events in System log. Review logs using Event Viewer for specific critical errors.


>>> Suggestions:
  - [SUGGESTION] Memory Usage is Elevated (86%). Monitor application memory consumption.
  - [SUGGESTION] Service 'Google Updater Internal Service (GoogleUpdaterInternalService137.0.7115.0)' (GoogleUpdaterInternalService137.0.7115.0) is set to Auto start but is currently Stopped. Investigate if this service should be running.
  - [SUGGESTION] Service 'Google Updater Service (GoogleUpdaterService137.0.7115.0)' (GoogleUpdaterService137.0.7115.0) is set to Auto start but is currently Stopped. Investigate if this service should be running.
  - [SUGGESTION] Secure Boot is reported as Disabled. Enable Secure Boot in UEFI settings for enhanced boot security (if supported).
  - [SUGGESTION] TPM status is 'Requires Admin'. Ensure TPM is enabled and activated in UEFI/BIOS for features like BitLocker and Windows 11 compatibility.
  - [SUGGESTION] Found 20 recent Error/Warning events in Application log. Review logs for details if applications are misbehaving.
  - [SUGGESTION] Run System File Checker: Open Command Prompt or PowerShell as Admin and type 'sfc /scannow'.
  - [SUGGESTION] Check for and install pending Windows Updates.
  - [SUGGESTION] Perform a full system scan for malware using a reputable security tool.
  - [SUGGESTION] Ensure device drivers (especially Graphics, Network, Chipset) are up-to-date from manufacturer websites.


>>> Informational Notes:
  - [INFO] Tool not run as Administrator - some checks might be incomplete or data inaccessible.
  - [INFO] Non-Microsoft service 'Dell Data Vault Service API' (DDVCollectorSvcApi) is running from path: C:\Program Files\Dell\DellDataVault\DDVCollectorSvcApi.exe
  - [INFO] Non-Microsoft service 'Dell Data Vault Collector' (DDVDataCollector) is running from path: C:\Program Files\Dell\DellDataVault\DDVDataCollector.exe
  - [INFO] Non-Microsoft service 'Dell Data Vault Processor' (DDVRulesProcessor) is running from path: C:\Program Files\Dell\DellDataVault\DDVRulesProcessor.exe
  - [INFO] Non-Microsoft service 'Dell TechHub' (DellTechHub) is running from path: C:\Program Files\Dell\TechHub\Dell.TechHub.exe
  - [INFO] Non-Microsoft service 'Intel(R) Driver & Support Assistant' (DSAService) is running from path: C:\Program Files (x86)\Intel\Driver and Support Assistant\x86\DSAService.exe
  - [INFO] Non-Microsoft service 'Intel(R) Driver & Support Assistant Updater' (DSAUpdateService) is running from path: C:\Program Files (x86)\Intel\Driver and Support Assistant\x86\DSAUpdateService.exe
  - [INFO] Non-Microsoft service 'Energy Server Service queencreek' (ESRV_SVC_QUEENCREEK) is running from path: C:\Program Files\Intel\SUR\QUEENCREEK\x64\esrv_svc.exe" "--AUTO_START" "--start" "--start_options_registry_key" "HKEY_LOCAL_MACHINE\SYSTEM\CurrentControlSet\services\ESRV_SVC_QUEENCREEK\_start
  - [INFO] Non-Microsoft service 'Dell SupportAssist' (SupportAssistAgent) is running from path: C:\Program Files\Dell\SupportAssistAgent\bin\SupportAssistAgent.exe
  - [INFO] Non-Microsoft service 'Intel(R) System Usage Report Service SystemUsageReportSvc_QUEENCREEK' (SystemUsageReportSvc_QUEENCREEK) is running from path: C:\Program Files\Intel\SUR\QUEENCREEK\SurSvc.exe
  - [INFO] Non-Microsoft service 'Tailscale' (Tailscale) is running from path: C:\Program Files\Tailscale\tailscaled.exe


--- Analysis Thresholds Used ---
  Memory High/Elevated %: 90/80
  Disk Critical/Low Free %: 5/15
  CPU High/Elevated %: 95/80
  High Disk Queue Length: 5
  Max Sys/App Log Errors (Issue): 15/20
  Driver Age Warning (Years): 2
  Ping/Traceroute Latency Warn (ms): 100/150

